[ 2017-07-08T10:18:52+08:00 ] 127.0.0.1 /wechat.php/lo
ERR: 无法加载控制器:Lo

[ 2017-07-08T10:45:53+08:00 ] 127.0.0.1 /wechat.php/lo
ERR: 无法加载控制器:Lo

[ 2017-07-08T10:45:55+08:00 ] 127.0.0.1 /wechat.php/lo
ERR: 无法加载控制器:Lo

[ 2017-07-08T10:52:48+08:00 ] 127.0.0.1 /wechat.php/lo
ERR: 无法加载控制器:Lo

[ 2017-07-08T10:57:19+08:00 ] 127.0.0.1 /wechat.php/lo
ERR: 无法加载控制器:Lo

[ 2017-07-08T10:57:29+08:00 ] 127.0.0.1 /wechat.php/lo
ERR: 无法加载控制器:Lo

[ 2017-07-08T11:26:07+08:00 ] 127.0.0.1 /wechat.php/Service/notice-detail.html
ERR: 非法操作:notice-detail

[ 2017-07-08T16:06:05+08:00 ] 127.0.0.1 /wechat.php/Service/url/p/2
INFO: [ app_begin ] --START--
INFO: Run Behavior\ReadHtmlCacheBehavior [ RunTime:0.000425s ]
INFO: [ app_begin ] --END-- [ RunTime:0.000751s ]
ERR: 非法操作:url

[ 2017-07-08T16:06:07+08:00 ] 127.0.0.1 /wechat.php/Service/url/p/3
INFO: [ app_begin ] --START--
INFO: Run Behavior\ReadHtmlCacheBehavior [ RunTime:0.000426s ]
INFO: [ app_begin ] --END-- [ RunTime:0.000749s ]
ERR: 非法操作:url

[ 2017-07-08T16:06:16+08:00 ] 127.0.0.1 /wechat.php/Service/url/p/2
ERR: 非法操作:url

[ 2017-07-08T16:06:31+08:00 ] 127.0.0.1 /wechat.php/Service/url/p/2
INFO: [ app_begin ] --START--
INFO: Run Behavior\ReadHtmlCacheBehavior [ RunTime:0.000924s ]
INFO: [ app_begin ] --END-- [ RunTime:0.001464s ]
ERR: 非法操作:url

[ 2017-07-08T16:08:04+08:00 ] 127.0.0.1 /wechat.php/Service/url/p/2
INFO: [ app_begin ] --START--
INFO: Run Behavior\ReadHtmlCacheBehavior [ RunTime:0.000585s ]
INFO: [ app_begin ] --END-- [ RunTime:0.000913s ]
ERR: 非法操作:url

[ 2017-07-08T16:08:47+08:00 ] 127.0.0.1 /wchat.php/Service/index/p/2
INFO: [ app_begin ] --START--
INFO: Run Behavior\ReadHtmlCacheBehavior [ RunTime:0.000926s ]
INFO: [ app_begin ] --END-- [ RunTime:0.001463s ]
ERR: 无法加载控制器:Wchat.php

[ 2017-07-08T16:09:07+08:00 ] 127.0.0.1 /wechat.php/Service/test.html
ERR: 1146:Table 'onethink.form' doesn't exist
 [ SQL语句 ] : SHOW COLUMNS FROM `form`

[ 2017-07-08T16:09:19+08:00 ] 127.0.0.1 /wchat.php/Service/index/p/2
INFO: [ app_begin ] --START--
INFO: Run Behavior\ReadHtmlCacheBehavior [ RunTime:0.000935s ]
INFO: [ app_begin ] --END-- [ RunTime:0.001477s ]
ERR: 无法加载控制器:Wchat.php

[ 2017-07-08T16:10:50+08:00 ] 127.0.0.1 /wchat.php/Service/index/p/2
INFO: [ app_begin ] --START--
INFO: Run Behavior\ReadHtmlCacheBehavior [ RunTime:0.000956s ]
INFO: [ app_begin ] --END-- [ RunTime:0.001486s ]
ERR: 无法加载控制器:Wchat.php

[ 2017-07-08T16:11:06+08:00 ] 127.0.0.1 /wchat.php/Service/index/p/2
INFO: [ app_begin ] --START--
INFO: Run Behavior\ReadHtmlCacheBehavior [ RunTime:0.000538s ]
INFO: [ app_begin ] --END-- [ RunTime:0.000974s ]
ERR: 无法加载控制器:Wchat.php

[ 2017-07-08T16:11:34+08:00 ] 127.0.0.1 /Service/index/p/2
INFO: [ app_begin ] --START--
INFO: Run Behavior\ReadHtmlCacheBehavior [ RunTime:0.001052s ]
INFO: [ app_begin ] --END-- [ RunTime:0.001658s ]
SQL: SHOW COLUMNS FROM `document` [ RunTime:0.0259s ]
SQL: SELECT * FROM `document` WHERE `category_id` = 39 AND `status` = 1  [ RunTime:0.0004s ]
INFO: [ view_parse ] --START--
INFO: [ template_filter ] --START--
INFO: Run Behavior\ContentReplaceBehavior [ RunTime:0.000050s ]
INFO: [ template_filter ] --END-- [ RunTime:0.000091s ]
NOTIC: [8] Use of undefined constant path - assumed 'path' C:\yangya\server\onethink\wwwroot\Runtime\Cache\Wechat\7cd7f57d0bfbdad4b86391e02595930d.php 第 51 行.
SQL: SHOW COLUMNS FROM `picture` [ RunTime:0.0216s ]
SQL: SELECT * FROM `picture` WHERE `status` = 1 AND `id` = 6 LIMIT 1   [ RunTime:0.0003s ]
NOTIC: [8] Use of undefined constant path - assumed 'path' C:\yangya\server\onethink\wwwroot\Runtime\Cache\Wechat\7cd7f57d0bfbdad4b86391e02595930d.php 第 51 行.
SQL: SELECT * FROM `picture` WHERE `status` = 1 AND `id` = 9 LIMIT 1   [ RunTime:0.0002s ]
INFO: Run Behavior\ParseTemplateBehavior [ RunTime:0.032902s ]
INFO: [ view_parse ] --END-- [ RunTime:0.032937s ]
INFO: [ view_filter ] --START--
INFO: Run Behavior\WriteHtmlCacheBehavior [ RunTime:0.000551s ]
INFO: [ view_filter ] --END-- [ RunTime:0.000588s ]
INFO: [ app_end ] --START--
INFO: Run Behavior\ShowPageTraceBehavior [ RunTime:0.000673s ]
INFO: [ app_end ] --END-- [ RunTime:0.000707s ]

[ 2017-07-08T16:11:49+08:00 ] 127.0.0.1 /Service/index/p/3
INFO: [ app_begin ] --START--
INFO: Run Behavior\ReadHtmlCacheBehavior [ RunTime:0.000564s ]
INFO: [ app_begin ] --END-- [ RunTime:0.000890s ]
SQL: SHOW COLUMNS FROM `document` [ RunTime:0.0252s ]
SQL: SELECT * FROM `document` WHERE `category_id` = 39 AND `status` = 1  [ RunTime:0.0004s ]
INFO: [ view_parse ] --START--
INFO: [ template_filter ] --START--
INFO: Run Behavior\ContentReplaceBehavior [ RunTime:0.000051s ]
INFO: [ template_filter ] --END-- [ RunTime:0.000091s ]
INFO: Run Behavior\ParseTemplateBehavior [ RunTime:0.009656s ]
INFO: [ view_parse ] --END-- [ RunTime:0.009721s ]
INFO: [ view_filter ] --START--
INFO: Run Behavior\WriteHtmlCacheBehavior [ RunTime:0.000448s ]
INFO: [ view_filter ] --END-- [ RunTime:0.000480s ]
INFO: [ app_end ] --START--
INFO: Run Behavior\ShowPageTraceBehavior [ RunTime:0.000639s ]
INFO: [ app_end ] --END-- [ RunTime:0.000672s ]

[ 2017-07-08T16:11:51+08:00 ] 127.0.0.1 /Service/index/p/4
INFO: [ app_begin ] --START--
INFO: Run Behavior\ReadHtmlCacheBehavior [ RunTime:0.000937s ]
INFO: [ app_begin ] --END-- [ RunTime:0.001513s ]
SQL: SHOW COLUMNS FROM `document` [ RunTime:0.0259s ]
SQL: SELECT * FROM `document` WHERE `category_id` = 39 AND `status` = 1  [ RunTime:0.0004s ]
INFO: [ view_parse ] --START--
INFO: [ template_filter ] --START--
INFO: Run Behavior\ContentReplaceBehavior [ RunTime:0.000049s ]
INFO: [ template_filter ] --END-- [ RunTime:0.000088s ]
INFO: Run Behavior\ParseTemplateBehavior [ RunTime:0.010008s ]
INFO: [ view_parse ] --END-- [ RunTime:0.010074s ]
INFO: [ view_filter ] --START--
INFO: Run Behavior\WriteHtmlCacheBehavior [ RunTime:0.000465s ]
INFO: [ view_filter ] --END-- [ RunTime:0.000503s ]
INFO: [ app_end ] --START--
INFO: Run Behavior\ShowPageTraceBehavior [ RunTime:0.000600s ]
INFO: [ app_end ] --END-- [ RunTime:0.000632s ]

[ 2017-07-08T16:12:15+08:00 ] 127.0.0.1 /Service/index/p/5
INFO: [ app_begin ] --START--
INFO: Run Behavior\ReadHtmlCacheBehavior [ RunTime:0.000569s ]
INFO: [ app_begin ] --END-- [ RunTime:0.000901s ]
SQL: SHOW COLUMNS FROM `document` [ RunTime:0.0224s ]
SQL: SELECT * FROM `document` WHERE `category_id` = 39 AND `status` = 1  [ RunTime:0.0005s ]
INFO: [ view_parse ] --START--
INFO: [ template_filter ] --START--
INFO: Run Behavior\ContentReplaceBehavior [ RunTime:0.000053s ]
INFO: [ template_filter ] --END-- [ RunTime:0.000097s ]
INFO: Run Behavior\ParseTemplateBehavior [ RunTime:0.028841s ]
INFO: [ view_parse ] --END-- [ RunTime:0.028903s ]
INFO: [ view_filter ] --START--
INFO: Run Behavior\WriteHtmlCacheBehavior [ RunTime:0.000463s ]
INFO: [ view_filter ] --END-- [ RunTime:0.000497s ]
INFO: [ app_end ] --START--
INFO: Run Behavior\ShowPageTraceBehavior [ RunTime:0.000588s ]
INFO: [ app_end ] --END-- [ RunTime:0.000621s ]

[ 2017-07-08T16:12:30+08:00 ] 127.0.0.1 /Service/index/p/2
INFO: [ app_begin ] --START--
INFO: Run Behavior\ReadHtmlCacheBehavior [ RunTime:0.000691s ]
INFO: [ app_begin ] --END-- [ RunTime:0.001218s ]
SQL: SHOW COLUMNS FROM `document` [ RunTime:0.0230s ]
SQL: SELECT * FROM `document` WHERE `category_id` = 39 AND `status` = 1  [ RunTime:0.0004s ]
INFO: [ view_parse ] --START--
INFO: [ template_filter ] --START--
INFO: Run Behavior\ContentReplaceBehavior [ RunTime:0.000051s ]
INFO: [ template_filter ] --END-- [ RunTime:0.000092s ]
NOTIC: [8] Use of undefined constant path - assumed 'path' C:\yangya\server\onethink\wwwroot\Runtime\Cache\Wechat\7cd7f57d0bfbdad4b86391e02595930d.php 第 51 行.
SQL: SHOW COLUMNS FROM `picture` [ RunTime:0.0184s ]
SQL: SELECT * FROM `picture` WHERE `status` = 1 AND `id` = 6 LIMIT 1   [ RunTime:0.0003s ]
NOTIC: [8] Use of undefined constant path - assumed 'path' C:\yangya\server\onethink\wwwroot\Runtime\Cache\Wechat\7cd7f57d0bfbdad4b86391e02595930d.php 第 51 行.
SQL: SELECT * FROM `picture` WHERE `status` = 1 AND `id` = 9 LIMIT 1   [ RunTime:0.0002s ]
INFO: Run Behavior\ParseTemplateBehavior [ RunTime:0.029129s ]
INFO: [ view_parse ] --END-- [ RunTime:0.029166s ]
INFO: [ view_filter ] --START--
INFO: Run Behavior\WriteHtmlCacheBehavior [ RunTime:0.000619s ]
INFO: [ view_filter ] --END-- [ RunTime:0.000659s ]
INFO: [ app_end ] --START--
INFO: Run Behavior\ShowPageTraceBehavior [ RunTime:0.000691s ]
INFO: [ app_end ] --END-- [ RunTime:0.000727s ]

[ 2017-07-08T16:12:31+08:00 ] 127.0.0.1 /Service/index/p/3
INFO: [ app_begin ] --START--
INFO: Run Behavior\ReadHtmlCacheBehavior [ RunTime:0.000929s ]
INFO: [ app_begin ] --END-- [ RunTime:0.001474s ]
SQL: SHOW COLUMNS FROM `document` [ RunTime:0.0227s ]
SQL: SELECT * FROM `document` WHERE `category_id` = 39 AND `status` = 1  [ RunTime:0.0004s ]
INFO: [ view_parse ] --START--
INFO: [ template_filter ] --START--
INFO: Run Behavior\ContentReplaceBehavior [ RunTime:0.000050s ]
INFO: [ template_filter ] --END-- [ RunTime:0.000089s ]
INFO: Run Behavior\ParseTemplateBehavior [ RunTime:0.009188s ]
INFO: [ view_parse ] --END-- [ RunTime:0.009248s ]
INFO: [ view_filter ] --START--
INFO: Run Behavior\WriteHtmlCacheBehavior [ RunTime:0.000442s ]
INFO: [ view_filter ] --END-- [ RunTime:0.000484s ]
INFO: [ app_end ] --START--
INFO: Run Behavior\ShowPageTraceBehavior [ RunTime:0.000656s ]
INFO: [ app_end ] --END-- [ RunTime:0.000692s ]

[ 2017-07-08T16:12:42+08:00 ] 127.0.0.1 /Service/index/p/2
INFO: [ app_begin ] --START--
INFO: Run Behavior\ReadHtmlCacheBehavior [ RunTime:0.000910s ]
INFO: [ app_begin ] --END-- [ RunTime:0.001463s ]
SQL: SHOW COLUMNS FROM `document` [ RunTime:0.0230s ]
SQL: SELECT * FROM `document` WHERE `category_id` = 39 AND `status` = 1  [ RunTime:0.0004s ]
INFO: [ view_parse ] --START--
INFO: [ template_filter ] --START--
INFO: Run Behavior\ContentReplaceBehavior [ RunTime:0.000050s ]
INFO: [ template_filter ] --END-- [ RunTime:0.000090s ]
NOTIC: [8] Use of undefined constant path - assumed 'path' C:\yangya\server\onethink\wwwroot\Runtime\Cache\Wechat\7cd7f57d0bfbdad4b86391e02595930d.php 第 51 行.
SQL: SHOW COLUMNS FROM `picture` [ RunTime:0.0182s ]
SQL: SELECT * FROM `picture` WHERE `status` = 1 AND `id` = 6 LIMIT 1   [ RunTime:0.0003s ]
NOTIC: [8] Use of undefined constant path - assumed 'path' C:\yangya\server\onethink\wwwroot\Runtime\Cache\Wechat\7cd7f57d0bfbdad4b86391e02595930d.php 第 51 行.
SQL: SELECT * FROM `picture` WHERE `status` = 1 AND `id` = 9 LIMIT 1   [ RunTime:0.0002s ]
INFO: Run Behavior\ParseTemplateBehavior [ RunTime:0.029077s ]
INFO: [ view_parse ] --END-- [ RunTime:0.029113s ]
INFO: [ view_filter ] --START--
INFO: Run Behavior\WriteHtmlCacheBehavior [ RunTime:0.000578s ]
INFO: [ view_filter ] --END-- [ RunTime:0.000616s ]
INFO: [ app_end ] --START--
INFO: Run Behavior\ShowPageTraceBehavior [ RunTime:0.000686s ]
INFO: [ app_end ] --END-- [ RunTime:0.000723s ]

[ 2017-07-08T16:16:03+08:00 ] 127.0.0.1 /Service/index/p/2
INFO: [ app_begin ] --START--
INFO: Run Behavior\ReadHtmlCacheBehavior [ RunTime:0.000588s ]
INFO: [ app_begin ] --END-- [ RunTime:0.000908s ]
SQL: SHOW COLUMNS FROM `document` [ RunTime:0.0228s ]
SQL: SELECT * FROM `document` WHERE `category_id` = 39 AND `status` = 1  [ RunTime:0.0004s ]

[ 2017-07-08T16:16:23+08:00 ] 127.0.0.1 /Service/index/p/2
INFO: [ app_begin ] --START--
INFO: Run Behavior\ReadHtmlCacheBehavior [ RunTime:0.000914s ]
INFO: [ app_begin ] --END-- [ RunTime:0.001455s ]
SQL: SHOW COLUMNS FROM `document` [ RunTime:0.0165s ]
SQL: SELECT * FROM `document` WHERE `category_id` = 39 AND `status` = 1  [ RunTime:0.0004s ]

[ 2017-07-08T16:19:54+08:00 ] 127.0.0.1 /Service/index/p/2
INFO: [ app_begin ] --START--
INFO: Run Behavior\ReadHtmlCacheBehavior [ RunTime:0.000931s ]
INFO: [ app_begin ] --END-- [ RunTime:0.001481s ]
SQL: SHOW COLUMNS FROM `document` [ RunTime:0.0330s ]
SQL: SELECT * FROM `document` WHERE `category_id` = 39 AND `status` = 1  [ RunTime:0.0007s ]

[ 2017-07-08T16:20:09+08:00 ] 127.0.0.1 /Service/index/p/2
INFO: [ app_begin ] --START--
INFO: Run Behavior\ReadHtmlCacheBehavior [ RunTime:0.000582s ]
INFO: [ app_begin ] --END-- [ RunTime:0.000903s ]
SQL: SHOW COLUMNS FROM `document` [ RunTime:0.0263s ]
SQL: SELECT * FROM `document` WHERE `category_id` = 39 AND `status` = 1  [ RunTime:0.0005s ]

[ 2017-07-08T16:20:25+08:00 ] 127.0.0.1 /Service/index/p/2
INFO: [ app_begin ] --START--
INFO: Run Behavior\ReadHtmlCacheBehavior [ RunTime:0.000553s ]
INFO: [ app_begin ] --END-- [ RunTime:0.000905s ]
SQL: SHOW COLUMNS FROM `document` [ RunTime:0.0223s ]
SQL: SELECT * FROM `document` WHERE `category_id` = 39 AND `status` = 1  [ RunTime:0.0004s ]

[ 2017-07-08T16:23:31+08:00 ] 127.0.0.1 /Service/index/p/2
INFO: [ app_begin ] --START--
INFO: Run Behavior\ReadHtmlCacheBehavior [ RunTime:0.000944s ]
INFO: [ app_begin ] --END-- [ RunTime:0.001482s ]
SQL: SHOW COLUMNS FROM `document` [ RunTime:0.0227s ]
SQL: SELECT * FROM `document` WHERE `category_id` = 39 AND `status` = 1  [ RunTime:0.0004s ]

[ 2017-07-08T16:23:36+08:00 ] 127.0.0.1 /Service/index/p/3
INFO: [ app_begin ] --START--
INFO: Run Behavior\ReadHtmlCacheBehavior [ RunTime:0.000933s ]
INFO: [ app_begin ] --END-- [ RunTime:0.001470s ]
SQL: SHOW COLUMNS FROM `document` [ RunTime:0.0223s ]
SQL: SELECT * FROM `document` WHERE `category_id` = 39 AND `status` = 1  [ RunTime:0.0004s ]

[ 2017-07-08T16:23:46+08:00 ] 127.0.0.1 /Service/index/p/2
INFO: [ app_begin ] --START--
INFO: Run Behavior\ReadHtmlCacheBehavior [ RunTime:0.000928s ]
INFO: [ app_begin ] --END-- [ RunTime:0.001479s ]
SQL: SHOW COLUMNS FROM `document` [ RunTime:0.0226s ]
SQL: SELECT * FROM `document` WHERE `category_id` = 39 AND `status` = 1  [ RunTime:0.0004s ]

[ 2017-07-08T16:24:03+08:00 ] 127.0.0.1 /Service/index/p/2
INFO: [ app_begin ] --START--
INFO: Run Behavior\ReadHtmlCacheBehavior [ RunTime:0.000938s ]
INFO: [ app_begin ] --END-- [ RunTime:0.001497s ]
SQL: SHOW COLUMNS FROM `document` [ RunTime:0.0229s ]
SQL: SELECT * FROM `document` WHERE `category_id` = 39 AND `status` = 1  [ RunTime:0.0004s ]

[ 2017-07-08T16:25:12+08:00 ] 127.0.0.1 /Service/index/p/2
INFO: [ app_begin ] --START--
INFO: Run Behavior\ReadHtmlCacheBehavior [ RunTime:0.000557s ]
INFO: [ app_begin ] --END-- [ RunTime:0.000914s ]
SQL: SHOW COLUMNS FROM `document` [ RunTime:0.0228s ]
SQL: SELECT * FROM `document` WHERE `category_id` = 39 AND `status` = 1  [ RunTime:0.0005s ]

[ 2017-07-08T16:25:37+08:00 ] 127.0.0.1 /Service/index/p/2
INFO: [ app_begin ] --START--
INFO: Run Behavior\ReadHtmlCacheBehavior [ RunTime:0.000718s ]
INFO: [ app_begin ] --END-- [ RunTime:0.001246s ]
SQL: SHOW COLUMNS FROM `document` [ RunTime:0.0228s ]
SQL: SELECT * FROM `document` WHERE `category_id` = 39 AND `status` = 1  [ RunTime:0.0005s ]

[ 2017-07-08T16:25:53+08:00 ] 127.0.0.1 /Service/index/p/2
INFO: [ app_begin ] --START--
INFO: Run Behavior\ReadHtmlCacheBehavior [ RunTime:0.000891s ]
INFO: [ app_begin ] --END-- [ RunTime:0.001422s ]
SQL: SHOW COLUMNS FROM `document` [ RunTime:0.0253s ]
SQL: SELECT * FROM `document` WHERE `category_id` = 39 AND `status` = 1  [ RunTime:0.0004s ]

[ 2017-07-08T16:26:23+08:00 ] 127.0.0.1 /Service/index/p/2
INFO: [ app_begin ] --START--
INFO: Run Behavior\ReadHtmlCacheBehavior [ RunTime:0.000929s ]
INFO: [ app_begin ] --END-- [ RunTime:0.001476s ]
SQL: SHOW COLUMNS FROM `document` [ RunTime:0.0227s ]
SQL: SELECT * FROM `document` WHERE `category_id` = 39 AND `status` = 1  [ RunTime:0.0004s ]

[ 2017-07-08T16:26:23+08:00 ] 127.0.0.1 //Service/6
ERR: 非法操作:6

[ 2017-07-08T16:26:23+08:00 ] 127.0.0.1 //Service/7
ERR: 非法操作:7

[ 2017-07-08T16:27:36+08:00 ] 127.0.0.1 /Service/index/p/2
INFO: [ app_begin ] --START--
INFO: Run Behavior\ReadHtmlCacheBehavior [ RunTime:0.000589s ]
INFO: [ app_begin ] --END-- [ RunTime:0.000916s ]
SQL: SHOW COLUMNS FROM `document` [ RunTime:0.0233s ]
SQL: SELECT * FROM `document` WHERE `category_id` = 39 AND `status` = 1  [ RunTime:0.0004s ]

[ 2017-07-08T16:27:36+08:00 ] 127.0.0.1 //Service/7
ERR: 非法操作:7

[ 2017-07-08T16:27:36+08:00 ] 127.0.0.1 //Service/6
ERR: 非法操作:6

[ 2017-07-08T16:27:49+08:00 ] 127.0.0.1 /Service/index/p/3
INFO: [ app_begin ] --START--
INFO: Run Behavior\ReadHtmlCacheBehavior [ RunTime:0.000605s ]
INFO: [ app_begin ] --END-- [ RunTime:0.000930s ]
SQL: SHOW COLUMNS FROM `document` [ RunTime:0.0236s ]
SQL: SELECT * FROM `document` WHERE `category_id` = 39 AND `status` = 1  [ RunTime:0.0004s ]

[ 2017-07-08T16:29:07+08:00 ] 127.0.0.1 /Service/index/p/2
INFO: [ app_begin ] --START--
INFO: Run Behavior\ReadHtmlCacheBehavior [ RunTime:0.000428s ]
INFO: [ app_begin ] --END-- [ RunTime:0.000751s ]
SQL: SHOW COLUMNS FROM `document` [ RunTime:0.0227s ]
SQL: SELECT * FROM `document` WHERE `category_id` = 39 AND `status` = 1  [ RunTime:0.0004s ]

[ 2017-07-08T16:29:07+08:00 ] 127.0.0.1 //Service/6
ERR: 非法操作:6

[ 2017-07-08T16:29:07+08:00 ] 127.0.0.1 //Service/7
ERR: 非法操作:7

[ 2017-07-08T16:30:36+08:00 ] 127.0.0.1 /Service/index/p/2
INFO: [ app_begin ] --START--
INFO: Run Behavior\ReadHtmlCacheBehavior [ RunTime:0.000707s ]
INFO: [ app_begin ] --END-- [ RunTime:0.001272s ]
SQL: SHOW COLUMNS FROM `document` [ RunTime:0.0225s ]
SQL: SELECT * FROM `document` WHERE `category_id` = 39 AND `status` = 1  [ RunTime:0.0004s ]
INFO: [ view_parse ] --START--
INFO: [ template_filter ] --START--
INFO: Run Behavior\ContentReplaceBehavior [ RunTime:0.000057s ]
INFO: [ template_filter ] --END-- [ RunTime:0.000100s ]
NOTIC: [8] Use of undefined constant path - assumed 'path' C:\yangya\server\onethink\wwwroot\Runtime\Cache\Wechat\7cd7f57d0bfbdad4b86391e02595930d.php 第 51 行.
SQL: SHOW COLUMNS FROM `picture` [ RunTime:0.0178s ]
SQL: SELECT * FROM `picture` WHERE `status` = 1 AND `id` = 6 LIMIT 1   [ RunTime:0.0003s ]
NOTIC: [8] Use of undefined constant path - assumed 'path' C:\yangya\server\onethink\wwwroot\Runtime\Cache\Wechat\7cd7f57d0bfbdad4b86391e02595930d.php 第 51 行.
SQL: SELECT * FROM `picture` WHERE `status` = 1 AND `id` = 9 LIMIT 1   [ RunTime:0.0002s ]
INFO: Run Behavior\ParseTemplateBehavior [ RunTime:0.028227s ]
INFO: [ view_parse ] --END-- [ RunTime:0.028262s ]
INFO: [ view_filter ] --START--
INFO: Run Behavior\WriteHtmlCacheBehavior [ RunTime:0.000552s ]
INFO: [ view_filter ] --END-- [ RunTime:0.000587s ]
INFO: [ app_end ] --START--
INFO: Run Behavior\ShowPageTraceBehavior [ RunTime:0.000651s ]
INFO: [ app_end ] --END-- [ RunTime:0.000686s ]

[ 2017-07-08T16:30:38+08:00 ] 127.0.0.1 /Service/index/p/3
INFO: [ app_begin ] --START--
INFO: Run Behavior\ReadHtmlCacheBehavior [ RunTime:0.000472s ]
INFO: [ app_begin ] --END-- [ RunTime:0.000872s ]
SQL: SHOW COLUMNS FROM `document` [ RunTime:0.0225s ]
SQL: SELECT * FROM `document` WHERE `category_id` = 39 AND `status` = 1  [ RunTime:0.0004s ]

[ 2017-07-08T16:30:42+08:00 ] 127.0.0.1 /Service/index/p/4
INFO: [ app_begin ] --START--
INFO: Run Behavior\ReadHtmlCacheBehavior [ RunTime:0.000455s ]
INFO: [ app_begin ] --END-- [ RunTime:0.000780s ]
SQL: SHOW COLUMNS FROM `document` [ RunTime:0.0221s ]
SQL: SELECT * FROM `document` WHERE `category_id` = 39 AND `status` = 1  [ RunTime:0.0004s ]

[ 2017-07-08T16:32:38+08:00 ] 127.0.0.1 /Service/index/p/2
INFO: [ app_begin ] --START--
INFO: Run Behavior\ReadHtmlCacheBehavior [ RunTime:0.000696s ]
INFO: [ app_begin ] --END-- [ RunTime:0.001225s ]
SQL: SHOW COLUMNS FROM `document` [ RunTime:0.0228s ]
SQL: SELECT * FROM `document` WHERE `category_id` = 39 AND `status` = 1  [ RunTime:0.0004s ]

[ 2017-07-08T16:33:10+08:00 ] 127.0.0.1 /Service/index/p/2
INFO: [ app_begin ] --START--
INFO: Run Behavior\ReadHtmlCacheBehavior [ RunTime:0.000554s ]
INFO: [ app_begin ] --END-- [ RunTime:0.000901s ]
SQL: SHOW COLUMNS FROM `document` [ RunTime:0.0226s ]
SQL: SELECT * FROM `document` WHERE `category_id` = 39 AND `status` = 1  [ RunTime:0.0004s ]

[ 2017-07-08T16:33:10+08:00 ] 127.0.0.1 //Service/6
ERR: 非法操作:6

[ 2017-07-08T16:33:10+08:00 ] 127.0.0.1 //Service/7
ERR: 非法操作:7

[ 2017-07-08T16:33:16+08:00 ] 127.0.0.1 /Service/index/p/3
INFO: [ app_begin ] --START--
INFO: Run Behavior\ReadHtmlCacheBehavior [ RunTime:0.000828s ]
INFO: [ app_begin ] --END-- [ RunTime:0.001432s ]
SQL: SHOW COLUMNS FROM `document` [ RunTime:0.0224s ]
SQL: SELECT * FROM `document` WHERE `category_id` = 39 AND `status` = 1  [ RunTime:0.0004s ]

[ 2017-07-08T16:34:49+08:00 ] 127.0.0.1 /Service/index/p/2
INFO: [ app_begin ] --START--
INFO: Run Behavior\ReadHtmlCacheBehavior [ RunTime:0.000718s ]
INFO: [ app_begin ] --END-- [ RunTime:0.001248s ]
SQL: SHOW COLUMNS FROM `document` [ RunTime:0.0222s ]
SQL: SELECT * FROM `document` WHERE `category_id` = 39 AND `status` = 1  [ RunTime:0.0004s ]

[ 2017-07-08T16:35:00+08:00 ] 127.0.0.1 /Service/index/p/2
INFO: [ app_begin ] --START--
INFO: Run Behavior\ReadHtmlCacheBehavior [ RunTime:0.000712s ]
INFO: [ app_begin ] --END-- [ RunTime:0.001253s ]
SQL: SHOW COLUMNS FROM `document` [ RunTime:0.0218s ]
SQL: SELECT * FROM `document` WHERE `category_id` = 39 AND `status` = 1  [ RunTime:0.0004s ]

[ 2017-07-08T16:35:00+08:00 ] 127.0.0.1 //Service/7
ERR: 非法操作:7

[ 2017-07-08T16:35:00+08:00 ] 127.0.0.1 //Service/6
ERR: 非法操作:6

[ 2017-07-08T16:35:02+08:00 ] 127.0.0.1 /Service/index/p/3
INFO: [ app_begin ] --START--
INFO: Run Behavior\ReadHtmlCacheBehavior [ RunTime:0.000709s ]
INFO: [ app_begin ] --END-- [ RunTime:0.001258s ]
SQL: SHOW COLUMNS FROM `document` [ RunTime:0.0218s ]
SQL: SELECT * FROM `document` WHERE `category_id` = 39 AND `status` = 1  [ RunTime:0.0004s ]

[ 2017-07-08T16:35:47+08:00 ] 127.0.0.1 /Service/index/p/2
INFO: [ app_begin ] --START--
INFO: Run Behavior\ReadHtmlCacheBehavior [ RunTime:0.000427s ]
INFO: [ app_begin ] --END-- [ RunTime:0.000776s ]
SQL: SHOW COLUMNS FROM `document` [ RunTime:0.0220s ]
SQL: SELECT * FROM `document` WHERE `category_id` = 39 AND `status` = 1  [ RunTime:0.0004s ]

[ 2017-07-08T16:35:47+08:00 ] 127.0.0.1 //Service/6
ERR: 非法操作:6

[ 2017-07-08T16:35:47+08:00 ] 127.0.0.1 //Service/7
ERR: 非法操作:7

[ 2017-07-08T16:36:14+08:00 ] 127.0.0.1 /Service/index/p/3
INFO: [ app_begin ] --START--
INFO: Run Behavior\ReadHtmlCacheBehavior [ RunTime:0.000936s ]
INFO: [ app_begin ] --END-- [ RunTime:0.001484s ]
SQL: SHOW COLUMNS FROM `document` [ RunTime:0.0224s ]
SQL: SELECT * FROM `document` WHERE `category_id` = 39 AND `status` = 1  [ RunTime:0.0004s ]

[ 2017-07-08T16:40:25+08:00 ] 127.0.0.1 /Service/index/p/2
INFO: [ app_begin ] --START--
INFO: Run Behavior\ReadHtmlCacheBehavior [ RunTime:0.001022s ]
INFO: [ app_begin ] --END-- [ RunTime:0.001610s ]
SQL: SHOW COLUMNS FROM `document` [ RunTime:0.0259s ]
SQL: SELECT * FROM `document` WHERE `category_id` = 39 AND `status` = 1  [ RunTime:0.0004s ]

[ 2017-07-08T16:40:25+08:00 ] 127.0.0.1 //Service/6
ERR: 非法操作:6

[ 2017-07-08T16:40:25+08:00 ] 127.0.0.1 //Service/7
ERR: 非法操作:7

[ 2017-07-08T16:41:55+08:00 ] 127.0.0.1 /Service/index/p/2
INFO: [ app_begin ] --START--
INFO: Run Behavior\ReadHtmlCacheBehavior [ RunTime:0.000452s ]
INFO: [ app_begin ] --END-- [ RunTime:0.000801s ]
SQL: SHOW COLUMNS FROM `document` [ RunTime:0.0255s ]
SQL: SELECT * FROM `document` WHERE `category_id` = 39 AND `status` = 1  [ RunTime:0.0005s ]

[ 2017-07-08T16:41:56+08:00 ] 127.0.0.1 //Service/6
ERR: 非法操作:6

[ 2017-07-08T16:41:56+08:00 ] 127.0.0.1 //Service/7
ERR: 非法操作:7

[ 2017-07-08T16:42:51+08:00 ] 127.0.0.1 /Service/index/p/2
INFO: [ app_begin ] --START--
INFO: Run Behavior\ReadHtmlCacheBehavior [ RunTime:0.000554s ]
INFO: [ app_begin ] --END-- [ RunTime:0.000923s ]
SQL: SHOW COLUMNS FROM `document` [ RunTime:0.0261s ]
SQL: SELECT * FROM `document` WHERE `category_id` = 39 AND `status` = 1  [ RunTime:0.0004s ]

[ 2017-07-08T16:43:04+08:00 ] 127.0.0.1 /Service/index/p/2
INFO: [ app_begin ] --START--
INFO: Run Behavior\ReadHtmlCacheBehavior [ RunTime:0.001001s ]
INFO: [ app_begin ] --END-- [ RunTime:0.001630s ]
SQL: SHOW COLUMNS FROM `document` [ RunTime:0.0267s ]
SQL: SELECT * FROM `document` WHERE `category_id` = 39 AND `status` = 1  [ RunTime:0.0004s ]

[ 2017-07-08T16:45:30+08:00 ] 127.0.0.1 /Service/index/p/2
INFO: [ app_begin ] --START--
INFO: Run Behavior\ReadHtmlCacheBehavior [ RunTime:0.000754s ]
INFO: [ app_begin ] --END-- [ RunTime:0.001199s ]
SQL: SHOW COLUMNS FROM `document` [ RunTime:0.0172s ]
SQL: SELECT * FROM `document` WHERE `category_id` = 39 AND `status` = 1  [ RunTime:0.0004s ]

[ 2017-07-08T16:45:30+08:00 ] 127.0.0.1 //Service/6
ERR: 非法操作:6

[ 2017-07-08T16:45:30+08:00 ] 127.0.0.1 //Service/7
ERR: 非法操作:7

[ 2017-07-08T16:52:12+08:00 ] 127.0.0.1 //Service/index.html
ERR: 1064:You have an error in your SQL syntax; check the manual that corresponds to your MySQL server version for the right syntax to use near ')' at line 1
 [ SQL语句 ] : SELECT * FROM document  as  a INNER JOIN document as b  on b.uid = a.uid  WHERE ( b.id  =  ) 

[ 2017-07-08T16:52:27+08:00 ] 127.0.0.1 /Service/index/p/2
INFO: [ app_begin ] --START--
INFO: Run Behavior\ReadHtmlCacheBehavior [ RunTime:0.000713s ]
INFO: [ app_begin ] --END-- [ RunTime:0.001258s ]
SQL: SHOW COLUMNS FROM `document` [ RunTime:0.0261s ]
SQL: SELECT * FROM `document` WHERE `category_id` = 39 AND `status` = 1  [ RunTime:0.0004s ]

[ 2017-07-08T16:52:47+08:00 ] 127.0.0.1 /Service/index/p/2
INFO: [ app_begin ] --START--
INFO: Run Behavior\ReadHtmlCacheBehavior [ RunTime:0.000450s ]
INFO: [ app_begin ] --END-- [ RunTime:0.000792s ]
SQL: SHOW COLUMNS FROM `document` [ RunTime:0.0226s ]
SQL: SELECT * FROM `document` WHERE `category_id` = 39 AND `status` = 1  [ RunTime:0.0004s ]

[ 2017-07-08T16:52:47+08:00 ] 127.0.0.1 //Service/6
ERR: 非法操作:6

[ 2017-07-08T16:52:47+08:00 ] 127.0.0.1 //Service/7
ERR: 非法操作:7

[ 2017-07-08T16:53:16+08:00 ] 127.0.0.1 /Service/index/p/2
INFO: [ app_begin ] --START--
INFO: Run Behavior\ReadHtmlCacheBehavior [ RunTime:0.001015s ]
INFO: [ app_begin ] --END-- [ RunTime:0.001588s ]
SQL: SHOW COLUMNS FROM `document` [ RunTime:0.0231s ]
SQL: SELECT * FROM `document` WHERE `category_id` = 39 AND `status` = 1  [ RunTime:0.0004s ]

[ 2017-07-08T16:53:16+08:00 ] 127.0.0.1 //Service/6
ERR: 非法操作:6

[ 2017-07-08T16:53:16+08:00 ] 127.0.0.1 //Service/7
ERR: 非法操作:7

[ 2017-07-08T16:53:17+08:00 ] 127.0.0.1 /Service/index/p/3
INFO: [ app_begin ] --START--
INFO: Run Behavior\ReadHtmlCacheBehavior [ RunTime:0.000462s ]
INFO: [ app_begin ] --END-- [ RunTime:0.000832s ]
SQL: SHOW COLUMNS FROM `document` [ RunTime:0.0236s ]
SQL: SELECT * FROM `document` WHERE `category_id` = 39 AND `status` = 1  [ RunTime:0.0004s ]

[ 2017-07-08T16:55:22+08:00 ] 127.0.0.1 /Service/index/p/2
INFO: [ app_begin ] --START--
INFO: Run Behavior\ReadHtmlCacheBehavior [ RunTime:0.000707s ]
INFO: [ app_begin ] --END-- [ RunTime:0.001244s ]
SQL: SHOW COLUMNS FROM `document` [ RunTime:0.0277s ]
SQL: SELECT * FROM document  as  a INNER JOIN picture as b  on b.id = a.cover_id  WHERE a.category_id = 39 AND a.status = 1  [ RunTime:0.0005s ]

[ 2017-07-08T16:55:22+08:00 ] 127.0.0.1 //Service/6
ERR: 非法操作:6

[ 2017-07-08T16:55:22+08:00 ] 127.0.0.1 //Service/9
ERR: 非法操作:9

[ 2017-07-08T16:56:04+08:00 ] 127.0.0.1 /Service/index/p/2
INFO: [ app_begin ] --START--
INFO: Run Behavior\ReadHtmlCacheBehavior [ RunTime:0.000924s ]
INFO: [ app_begin ] --END-- [ RunTime:0.001472s ]
SQL: SHOW COLUMNS FROM `document` [ RunTime:0.0234s ]
SQL: SELECT * FROM document  as  a INNER JOIN picture as b  on b.id = a.cover_id  WHERE a.category_id = 39 AND a.status = 1  [ RunTime:0.0005s ]

[ 2017-07-08T16:56:05+08:00 ] 127.0.0.1 //Service/6
ERR: 非法操作:6

[ 2017-07-08T16:56:05+08:00 ] 127.0.0.1 //Service/9
ERR: 非法操作:9

[ 2017-07-08T16:56:26+08:00 ] 127.0.0.1 /Service/index/p/3
INFO: [ app_begin ] --START--
INFO: Run Behavior\ReadHtmlCacheBehavior [ RunTime:0.000705s ]
INFO: [ app_begin ] --END-- [ RunTime:0.001242s ]
SQL: SHOW COLUMNS FROM `document` [ RunTime:0.0354s ]
SQL: SELECT * FROM document  as  a INNER JOIN picture as b  on b.id = a.cover_id  WHERE a.category_id = 39 AND a.status = 1  [ RunTime:0.0007s ]

[ 2017-07-08T16:56:29+08:00 ] 127.0.0.1 /Service/index/p/2
INFO: [ app_begin ] --START--
INFO: Run Behavior\ReadHtmlCacheBehavior [ RunTime:0.000722s ]
INFO: [ app_begin ] --END-- [ RunTime:0.001259s ]
SQL: SHOW COLUMNS FROM `document` [ RunTime:0.0242s ]
SQL: SELECT * FROM document  as  a INNER JOIN picture as b  on b.id = a.cover_id  WHERE a.category_id = 39 AND a.status = 1  [ RunTime:0.0005s ]

[ 2017-07-08T16:56:29+08:00 ] 127.0.0.1 //Service/6
ERR: 非法操作:6

[ 2017-07-08T16:56:29+08:00 ] 127.0.0.1 //Service/9
ERR: 非法操作:9

[ 2017-07-08T16:56:57+08:00 ] 127.0.0.1 /Service/index/p/2
INFO: [ app_begin ] --START--
INFO: Run Behavior\ReadHtmlCacheBehavior [ RunTime:0.000555s ]
INFO: [ app_begin ] --END-- [ RunTime:0.000899s ]
SQL: SHOW COLUMNS FROM `document` [ RunTime:0.0220s ]
SQL: SELECT * FROM document  as  a INNER JOIN picture as b  on b.id = a.cover_id  WHERE a.category_id = 39 AND a.status = 1  [ RunTime:0.0005s ]

[ 2017-07-08T17:06:05+08:00 ] 127.0.0.1 /Service/index/p/2
INFO: [ app_begin ] --START--
INFO: Run Behavior\ReadHtmlCacheBehavior [ RunTime:0.000929s ]
INFO: [ app_begin ] --END-- [ RunTime:0.001477s ]
SQL: SHOW COLUMNS FROM `document` [ RunTime:0.0228s ]
SQL: SELECT * FROM document  as  a INNER JOIN picture as b  on b.id = a.cover_id  WHERE a.category_id = 39 AND a.status = 1  [ RunTime:0.0006s ]

[ 2017-07-08T17:06:10+08:00 ] 127.0.0.1 /Service/index/p/2
INFO: [ app_begin ] --START--
INFO: Run Behavior\ReadHtmlCacheBehavior [ RunTime:0.000915s ]
INFO: [ app_begin ] --END-- [ RunTime:0.001476s ]
SQL: SHOW COLUMNS FROM `document` [ RunTime:0.0235s ]
SQL: SELECT * FROM document  as  a INNER JOIN picture as b  on b.id = a.cover_id  WHERE a.category_id = 39 AND a.status = 1  [ RunTime:0.0005s ]

[ 2017-07-08T17:06:22+08:00 ] 127.0.0.1 /Service/index/p/2
INFO: [ app_begin ] --START--
INFO: Run Behavior\ReadHtmlCacheBehavior [ RunTime:0.001016s ]
INFO: [ app_begin ] --END-- [ RunTime:0.001556s ]
SQL: SHOW COLUMNS FROM `document` [ RunTime:0.0321s ]
SQL: SELECT * FROM document  as  a INNER JOIN picture as b  on b.id = a.cover_id  WHERE a.category_id = 39 AND a.status = 1  [ RunTime:0.0007s ]

[ 2017-07-08T17:15:15+08:00 ] 127.0.0.1 /Service/index/p/2
INFO: [ app_begin ] --START--
INFO: Run Behavior\ReadHtmlCacheBehavior [ RunTime:0.000714s ]
INFO: [ app_begin ] --END-- [ RunTime:0.001246s ]
SQL: SHOW COLUMNS FROM `document` [ RunTime:0.0226s ]
SQL: SELECT * FROM document  as  a INNER JOIN picture as b  on b.id = a.cover_id  WHERE a.category_id = 39 AND a.status = 1  [ RunTime:0.0005s ]

[ 2017-07-08T17:15:59+08:00 ] 127.0.0.1 /Service/view?id=8
INFO: [ app_begin ] --START--
INFO: Run Behavior\ReadHtmlCacheBehavior [ RunTime:0.000963s ]
INFO: [ app_begin ] --END-- [ RunTime:0.001576s ]

[ 2017-07-08T17:16:10+08:00 ] 127.0.0.1 /Service/view?id=8
INFO: [ app_begin ] --START--
INFO: Run Behavior\ReadHtmlCacheBehavior [ RunTime:0.000619s ]
INFO: [ app_begin ] --END-- [ RunTime:0.001037s ]

[ 2017-07-08T17:17:41+08:00 ] 127.0.0.1 /Service/view?id=8
INFO: [ app_begin ] --START--
INFO: Run Behavior\ReadHtmlCacheBehavior [ RunTime:0.000918s ]
INFO: [ app_begin ] --END-- [ RunTime:0.001475s ]
SQL: SHOW COLUMNS FROM `document` [ RunTime:0.0228s ]
SQL: UPDATE `document` SET `view`=view+1 WHERE `id` = 8 [ RunTime:0.0002s ]
INFO: [ app_end ] --START--
INFO: Run Behavior\ShowPageTraceBehavior [ RunTime:0.000689s ]
INFO: [ app_end ] --END-- [ RunTime:0.000727s ]

[ 2017-07-08T17:17:45+08:00 ] 127.0.0.1 /Service/view?id=8
INFO: [ app_begin ] --START--
INFO: Run Behavior\ReadHtmlCacheBehavior [ RunTime:0.000662s ]
INFO: [ app_begin ] --END-- [ RunTime:0.001091s ]
SQL: SHOW COLUMNS FROM `document` [ RunTime:0.0227s ]
SQL: UPDATE `document` SET `view`=view+1 WHERE `id` = 8 [ RunTime:0.0002s ]
INFO: [ app_end ] --START--
INFO: Run Behavior\ShowPageTraceBehavior [ RunTime:0.000865s ]
INFO: [ app_end ] --END-- [ RunTime:0.000914s ]

[ 2017-07-08T17:17:50+08:00 ] 127.0.0.1 /Service/view?id=8
INFO: [ app_begin ] --START--
INFO: Run Behavior\ReadHtmlCacheBehavior [ RunTime:0.000922s ]
INFO: [ app_begin ] --END-- [ RunTime:0.001517s ]
SQL: SHOW COLUMNS FROM `document` [ RunTime:0.0294s ]
SQL: UPDATE `document` SET `view`=view+1 WHERE `id` = 8 [ RunTime:0.0003s ]
INFO: [ app_end ] --START--
INFO: Run Behavior\ShowPageTraceBehavior [ RunTime:0.001174s ]
INFO: [ app_end ] --END-- [ RunTime:0.001252s ]

[ 2017-07-08T17:18:30+08:00 ] 127.0.0.1 /Service/view?id=8
INFO: [ app_begin ] --START--
INFO: Run Behavior\ReadHtmlCacheBehavior [ RunTime:0.000806s ]
INFO: [ app_begin ] --END-- [ RunTime:0.001265s ]
SQL: SHOW COLUMNS FROM `document` [ RunTime:0.0292s ]
SQL: UPDATE `document` SET `view`=view+1 WHERE `id` = 8 [ RunTime:0.0003s ]
INFO: [ app_end ] --START--
INFO: Run Behavior\ShowPageTraceBehavior [ RunTime:0.000832s ]
INFO: [ app_end ] --END-- [ RunTime:0.000878s ]

[ 2017-07-08T17:19:01+08:00 ] 127.0.0.1 /Service/view?id=7
INFO: [ app_begin ] --START--
INFO: Run Behavior\ReadHtmlCacheBehavior [ RunTime:0.000591s ]
INFO: [ app_begin ] --END-- [ RunTime:0.000988s ]
SQL: SHOW COLUMNS FROM `document` [ RunTime:0.0231s ]
SQL: UPDATE `document` SET `view`=view+1 WHERE `id` = 7 [ RunTime:0.0004s ]
INFO: [ app_end ] --START--
INFO: Run Behavior\ShowPageTraceBehavior [ RunTime:0.000735s ]
INFO: [ app_end ] --END-- [ RunTime:0.000789s ]

[ 2017-07-08T17:20:53+08:00 ] 127.0.0.1 /Service/view/id/7
INFO: [ app_begin ] --START--
INFO: Run Behavior\ReadHtmlCacheBehavior [ RunTime:0.001190s ]
INFO: [ app_begin ] --END-- [ RunTime:0.001756s ]
SQL: SHOW COLUMNS FROM `document` [ RunTime:0.0329s ]
SQL: UPDATE `document` SET `view`=view+1 WHERE `id` = 7 [ RunTime:0.0003s ]
INFO: [ app_end ] --START--
INFO: Run Behavior\ShowPageTraceBehavior [ RunTime:0.000813s ]
INFO: [ app_end ] --END-- [ RunTime:0.000860s ]

[ 2017-07-08T17:21:24+08:00 ] 127.0.0.1 /Service/view/id/7
INFO: [ app_begin ] --START--
INFO: Run Behavior\ReadHtmlCacheBehavior [ RunTime:0.000834s ]
INFO: [ app_begin ] --END-- [ RunTime:0.001217s ]
SQL: SHOW COLUMNS FROM `document` [ RunTime:0.0344s ]
SQL: UPDATE `document` SET `view`=view+1 WHERE `id` = 7 [ RunTime:0.0003s ]
INFO: [ app_end ] --START--
INFO: Run Behavior\ShowPageTraceBehavior [ RunTime:0.000953s ]
INFO: [ app_end ] --END-- [ RunTime:0.001006s ]

[ 2017-07-08T21:08:18+08:00 ] 127.0.0.1 /Service/view/id/8
INFO: [ app_begin ] --START--
INFO: Run Behavior\ReadHtmlCacheBehavior [ RunTime:0.000866s ]
INFO: [ app_begin ] --END-- [ RunTime:0.001845s ]
SQL: SHOW COLUMNS FROM `document` [ RunTime:0.0258s ]
SQL: UPDATE `document` SET `view`=view+1 WHERE `id` = 8 [ RunTime:0.0016s ]
INFO: [ app_end ] --START--
INFO: Run Behavior\ShowPageTraceBehavior [ RunTime:0.001649s ]
INFO: [ app_end ] --END-- [ RunTime:0.001731s ]

[ 2017-07-08T21:08:52+08:00 ] 127.0.0.1 /Service/view/id/8
INFO: [ app_begin ] --START--
INFO: Run Behavior\ReadHtmlCacheBehavior [ RunTime:0.000911s ]
INFO: [ app_begin ] --END-- [ RunTime:0.001506s ]
SQL: SHOW COLUMNS FROM `document` [ RunTime:0.0239s ]
SQL: UPDATE `document` SET `view`=view+1 WHERE `id` = 8 [ RunTime:0.0002s ]
INFO: [ app_end ] --START--
INFO: Run Behavior\ShowPageTraceBehavior [ RunTime:0.000719s ]
INFO: [ app_end ] --END-- [ RunTime:0.000755s ]

[ 2017-07-08T21:08:56+08:00 ] 127.0.0.1 /Service/index/p/2
INFO: [ app_begin ] --START--
INFO: Run Behavior\ReadHtmlCacheBehavior [ RunTime:0.000427s ]
INFO: [ app_begin ] --END-- [ RunTime:0.000783s ]
SQL: SHOW COLUMNS FROM `document` [ RunTime:0.0232s ]
SQL: SELECT * FROM document  as  a INNER JOIN picture as b  on b.id = a.cover_id  WHERE a.category_id = 39 AND a.status = 1  [ RunTime:0.0005s ]

[ 2017-07-08T21:10:58+08:00 ] 127.0.0.1 /Service/index/p/2
INFO: [ app_begin ] --START--
INFO: Run Behavior\ReadHtmlCacheBehavior [ RunTime:0.000706s ]
INFO: [ app_begin ] --END-- [ RunTime:0.001249s ]
SQL: SHOW COLUMNS FROM `document` [ RunTime:0.0261s ]
SQL: SELECT * FROM document  as  a INNER JOIN picture as b  on b.id = a.cover_id  WHERE a.category_id = 39 AND a.status = 1  [ RunTime:0.0006s ]

[ 2017-07-08T21:11:37+08:00 ] 127.0.0.1 /Service/index/p/2
INFO: [ app_begin ] --START--
INFO: Run Behavior\ReadHtmlCacheBehavior [ RunTime:0.000958s ]
INFO: [ app_begin ] --END-- [ RunTime:0.001701s ]
SQL: SHOW COLUMNS FROM `document` [ RunTime:0.0240s ]
SQL: SELECT * FROM document  as  a INNER JOIN picture as b  on b.id = a.cover_id  WHERE a.category_id = 39 AND a.status = 1  [ RunTime:0.0005s ]

[ 2017-07-08T21:11:45+08:00 ] 127.0.0.1 /Service/index/p/2
INFO: [ app_begin ] --START--
INFO: Run Behavior\ReadHtmlCacheBehavior [ RunTime:0.000773s ]
INFO: [ app_begin ] --END-- [ RunTime:0.001372s ]
SQL: SHOW COLUMNS FROM `document` [ RunTime:0.0237s ]
SQL: SELECT * FROM document  as  a INNER JOIN picture as b  on b.id = a.cover_id  WHERE a.category_id = 39 AND a.status = 1  [ RunTime:0.0005s ]

[ 2017-07-08T21:14:41+08:00 ] 127.0.0.1 /Service/view/id/7
INFO: [ app_begin ] --START--
INFO: Run Behavior\ReadHtmlCacheBehavior [ RunTime:0.001265s ]
INFO: [ app_begin ] --END-- [ RunTime:0.002129s ]
SQL: SHOW COLUMNS FROM `document` [ RunTime:0.0238s ]
SQL: UPDATE `document` SET `view`=view+1 WHERE `id` = 7 [ RunTime:0.0003s ]
INFO: [ app_end ] --START--
INFO: Run Behavior\ShowPageTraceBehavior [ RunTime:0.000746s ]
INFO: [ app_end ] --END-- [ RunTime:0.000785s ]

[ 2017-07-08T21:17:32+08:00 ] 127.0.0.1 /Service/view/id/9
INFO: [ app_begin ] --START--
INFO: Run Behavior\ReadHtmlCacheBehavior [ RunTime:0.000484s ]
INFO: [ app_begin ] --END-- [ RunTime:0.000897s ]

[ 2017-07-08T21:17:38+08:00 ] 127.0.0.1 /Service/view/id/9
INFO: [ app_begin ] --START--
INFO: Run Behavior\ReadHtmlCacheBehavior [ RunTime:0.000719s ]
INFO: [ app_begin ] --END-- [ RunTime:0.001232s ]

[ 2017-07-08T21:17:48+08:00 ] 127.0.0.1 /Service/view/id/9
INFO: [ app_begin ] --START--
INFO: Run Behavior\ReadHtmlCacheBehavior [ RunTime:0.000957s ]
INFO: [ app_begin ] --END-- [ RunTime:0.001620s ]

[ 2017-07-08T21:18:42+08:00 ] 127.0.0.1 /Service/view/id/9
INFO: [ app_begin ] --START--
INFO: Run Behavior\ReadHtmlCacheBehavior [ RunTime:0.000698s ]
INFO: [ app_begin ] --END-- [ RunTime:0.001237s ]

[ 2017-07-08T21:18:58+08:00 ] 127.0.0.1 /Service/view/id/9
INFO: [ app_begin ] --START--
INFO: Run Behavior\ReadHtmlCacheBehavior [ RunTime:0.000706s ]
INFO: [ app_begin ] --END-- [ RunTime:0.001248s ]

[ 2017-07-08T21:19:00+08:00 ] 127.0.0.1 /Service/view/id/9
INFO: [ app_begin ] --START--
INFO: Run Behavior\ReadHtmlCacheBehavior [ RunTime:0.000427s ]
INFO: [ app_begin ] --END-- [ RunTime:0.000764s ]

[ 2017-07-08T21:19:02+08:00 ] 127.0.0.1 /Service/view/id/9
INFO: [ app_begin ] --START--
INFO: Run Behavior\ReadHtmlCacheBehavior [ RunTime:0.000569s ]
INFO: [ app_begin ] --END-- [ RunTime:0.001003s ]

[ 2017-07-08T21:19:03+08:00 ] 127.0.0.1 /Service/view/id/9
INFO: [ app_begin ] --START--
INFO: Run Behavior\ReadHtmlCacheBehavior [ RunTime:0.000718s ]
INFO: [ app_begin ] --END-- [ RunTime:0.001281s ]

[ 2017-07-08T21:19:31+08:00 ] 127.0.0.1 /Service/view/id/9
INFO: [ app_begin ] --START--
INFO: Run Behavior\ReadHtmlCacheBehavior [ RunTime:0.000449s ]
INFO: [ app_begin ] --END-- [ RunTime:0.000786s ]
SQL: SHOW COLUMNS FROM `document` [ RunTime:0.0233s ]
SQL: UPDATE `document` SET `view`=view+1 WHERE `id` = 9 [ RunTime:0.0002s ]
INFO: [ app_end ] --START--
INFO: Run Behavior\ShowPageTraceBehavior [ RunTime:0.000703s ]
INFO: [ app_end ] --END-- [ RunTime:0.000737s ]

[ 2017-07-08T21:19:45+08:00 ] 127.0.0.1 /Service/view/id/9
INFO: [ app_begin ] --START--
INFO: Run Behavior\ReadHtmlCacheBehavior [ RunTime:0.000708s ]
INFO: [ app_begin ] --END-- [ RunTime:0.001248s ]
SQL: SHOW COLUMNS FROM `document` [ RunTime:0.0262s ]
SQL: UPDATE `document` SET `view`=view+1 WHERE `id` = 9 [ RunTime:0.0002s ]
INFO: [ app_end ] --START--
INFO: Run Behavior\ShowPageTraceBehavior [ RunTime:0.000732s ]
INFO: [ app_end ] --END-- [ RunTime:0.000770s ]

[ 2017-07-08T21:20:07+08:00 ] 127.0.0.1 /Service/view/id/9
INFO: [ app_begin ] --START--
INFO: Run Behavior\ReadHtmlCacheBehavior [ RunTime:0.000718s ]
INFO: [ app_begin ] --END-- [ RunTime:0.001262s ]
SQL: SHOW COLUMNS FROM `document` [ RunTime:0.0183s ]
SQL: UPDATE `document` SET `view`=view+1 WHERE `id` = 9 [ RunTime:0.0002s ]
INFO: [ app_end ] --START--
INFO: Run Behavior\ShowPageTraceBehavior [ RunTime:0.000873s ]
INFO: [ app_end ] --END-- [ RunTime:0.000918s ]

[ 2017-07-08T21:26:25+08:00 ] 127.0.0.1 /Service/view/id/8
INFO: [ app_begin ] --START--
INFO: Run Behavior\ReadHtmlCacheBehavior [ RunTime:0.000451s ]
INFO: [ app_begin ] --END-- [ RunTime:0.000817s ]
SQL: SHOW COLUMNS FROM `document` [ RunTime:0.0220s ]

[ 2017-07-08T21:26:47+08:00 ] 127.0.0.1 /Service/view/id/8
INFO: [ app_begin ] --START--
INFO: Run Behavior\ReadHtmlCacheBehavior [ RunTime:0.000712s ]
INFO: [ app_begin ] --END-- [ RunTime:0.001258s ]
SQL: SHOW COLUMNS FROM `document` [ RunTime:0.0328s ]

[ 2017-07-08T21:27:11+08:00 ] 127.0.0.1 /Service/view/id/8
INFO: [ app_begin ] --START--
INFO: Run Behavior\ReadHtmlCacheBehavior [ RunTime:0.000697s ]
INFO: [ app_begin ] --END-- [ RunTime:0.001263s ]
SQL: SHOW COLUMNS FROM `document` [ RunTime:0.0170s ]
SQL: SELECT * FROM `document` WHERE `id` = 8  [ RunTime:0.0003s ]
NOTIC: [8] Undefined index: view C:\yangya\server\onethink\wwwroot\Application\Wechat\Controller\ServiceController.class.php 第 49 行.

[ 2017-07-08T21:27:51+08:00 ] 127.0.0.1 /Service/view/id/7
INFO: [ app_begin ] --START--
INFO: Run Behavior\ReadHtmlCacheBehavior [ RunTime:0.000585s ]
INFO: [ app_begin ] --END-- [ RunTime:0.001732s ]
SQL: SHOW COLUMNS FROM `document` [ RunTime:0.0224s ]
SQL: SELECT * FROM `document` WHERE `id` = 7  [ RunTime:0.0004s ]
NOTIC: [8] Undefined index: view C:\yangya\server\onethink\wwwroot\Application\Wechat\Controller\ServiceController.class.php 第 49 行.

[ 2017-07-08T21:28:28+08:00 ] 127.0.0.1 /Service/view/id/8
INFO: [ app_begin ] --START--
INFO: Run Behavior\ReadHtmlCacheBehavior [ RunTime:0.000851s ]
INFO: [ app_begin ] --END-- [ RunTime:0.001479s ]
SQL: SHOW COLUMNS FROM `document` [ RunTime:0.0266s ]
SQL: SELECT * FROM `document` WHERE `id` = 8  [ RunTime:0.0003s ]
NOTIC: [8] Undefined offset: 0 C:\yangya\server\onethink\wwwroot\Application\Wechat\Controller\ServiceController.class.php 第 49 行.

[ 2017-07-08T21:28:31+08:00 ] 127.0.0.1 /Service/view/id/7
INFO: [ app_begin ] --START--
INFO: Run Behavior\ReadHtmlCacheBehavior [ RunTime:0.000478s ]
INFO: [ app_begin ] --END-- [ RunTime:0.001299s ]
SQL: SHOW COLUMNS FROM `document` [ RunTime:0.0236s ]
SQL: SELECT * FROM `document` WHERE `id` = 7  [ RunTime:0.0004s ]

[ 2017-07-08T21:29:34+08:00 ] 127.0.0.1 /Service/view/id/8
INFO: [ app_begin ] --START--
INFO: Run Behavior\ReadHtmlCacheBehavior [ RunTime:0.000665s ]
INFO: [ app_begin ] --END-- [ RunTime:0.001062s ]

[ 2017-07-08T21:29:45+08:00 ] 127.0.0.1 /Service/index/p/2
INFO: [ app_begin ] --START--
INFO: Run Behavior\ReadHtmlCacheBehavior [ RunTime:0.001018s ]
INFO: [ app_begin ] --END-- [ RunTime:0.001866s ]

[ 2017-07-08T21:31:26+08:00 ] 127.0.0.1 /Service/view/id/8
INFO: [ app_begin ] --START--
INFO: Run Behavior\ReadHtmlCacheBehavior [ RunTime:0.000578s ]
INFO: [ app_begin ] --END-- [ RunTime:0.001130s ]
SQL: SHOW COLUMNS FROM `document` [ RunTime:0.0301s ]
SQL: SELECT * FROM `document` WHERE `id` = 8  [ RunTime:0.0003s ]
NOTIC: [8] Undefined offset: 0 C:\yangya\server\onethink\wwwroot\Application\Wechat\Controller\ServiceController.class.php 第 49 行.
ERR: 非法数据对象！

[ 2017-07-08T21:31:31+08:00 ] 127.0.0.1 /Service/view/id/7
INFO: [ app_begin ] --START--
INFO: Run Behavior\ReadHtmlCacheBehavior [ RunTime:0.000563s ]
INFO: [ app_begin ] --END-- [ RunTime:0.000889s ]
SQL: SHOW COLUMNS FROM `document` [ RunTime:0.0235s ]
SQL: SELECT * FROM `document` WHERE `id` = 7  [ RunTime:0.0003s ]
ERR: 非法数据对象！

[ 2017-07-08T21:32:02+08:00 ] 127.0.0.1 /Service/view/id/7
INFO: [ app_begin ] --START--
INFO: Run Behavior\ReadHtmlCacheBehavior [ RunTime:0.000525s ]
INFO: [ app_begin ] --END-- [ RunTime:0.000868s ]
SQL: SHOW COLUMNS FROM `document` [ RunTime:0.0236s ]
SQL: SELECT * FROM `document` WHERE `id` = 7  [ RunTime:0.0003s ]
ERR: 非法数据对象！

[ 2017-07-08T21:32:28+08:00 ] 127.0.0.1 /Service/view/id/7
INFO: [ app_begin ] --START--
INFO: Run Behavior\ReadHtmlCacheBehavior [ RunTime:0.000824s ]
INFO: [ app_begin ] --END-- [ RunTime:0.001281s ]
SQL: SHOW COLUMNS FROM `document` [ RunTime:0.0241s ]
SQL: SELECT * FROM `document` WHERE `id` = 7  [ RunTime:0.0004s ]
ERR: 非法数据对象！

[ 2017-07-08T21:33:31+08:00 ] 127.0.0.1 /Service/view/id/7
INFO: [ app_begin ] --START--
INFO: Run Behavior\ReadHtmlCacheBehavior [ RunTime:0.000427s ]
INFO: [ app_begin ] --END-- [ RunTime:0.000696s ]
SQL: SHOW COLUMNS FROM `document` [ RunTime:0.0238s ]
SQL: SELECT * FROM `document` WHERE `id` = 7  [ RunTime:0.0003s ]
SQL: UPDATE `document` SET `view`='5' WHERE `id` = 7 [ RunTime:0.0003s ]
INFO: [ app_end ] --START--
INFO: Run Behavior\ShowPageTraceBehavior [ RunTime:0.000681s ]
INFO: [ app_end ] --END-- [ RunTime:0.000718s ]

[ 2017-07-08T21:33:43+08:00 ] 127.0.0.1 /Service/view/id/8
INFO: [ app_begin ] --START--
INFO: Run Behavior\ReadHtmlCacheBehavior [ RunTime:0.000423s ]
INFO: [ app_begin ] --END-- [ RunTime:0.000719s ]
SQL: SHOW COLUMNS FROM `document` [ RunTime:0.0234s ]
SQL: SELECT * FROM `document` WHERE `id` = 8  [ RunTime:0.0003s ]
NOTIC: [8] Undefined offset: 0 C:\yangya\server\onethink\wwwroot\Application\Wechat\Controller\ServiceController.class.php 第 49 行.
SQL: UPDATE `document` SET `view`='1' WHERE `id` = 8 [ RunTime:0.0003s ]
INFO: [ app_end ] --START--
INFO: Run Behavior\ShowPageTraceBehavior [ RunTime:0.001077s ]
INFO: [ app_end ] --END-- [ RunTime:0.001132s ]

[ 2017-07-08T21:33:45+08:00 ] 127.0.0.1 /Service/view/id/7
INFO: [ app_begin ] --START--
INFO: Run Behavior\ReadHtmlCacheBehavior [ RunTime:0.000422s ]
INFO: [ app_begin ] --END-- [ RunTime:0.000692s ]
SQL: SHOW COLUMNS FROM `document` [ RunTime:0.0263s ]
SQL: SELECT * FROM `document` WHERE `id` = 7  [ RunTime:0.0003s ]
SQL: UPDATE `document` SET `view`='6' WHERE `id` = 7 [ RunTime:0.0002s ]
INFO: [ app_end ] --START--
INFO: Run Behavior\ShowPageTraceBehavior [ RunTime:0.000854s ]
INFO: [ app_end ] --END-- [ RunTime:0.000911s ]

[ 2017-07-08T21:38:28+08:00 ] 127.0.0.1 /Service/index.html
ERR: 1054:Unknown column 'bid' in 'field list'
 [ SQL语句 ] : SELECT a.id as aid,bid as bid FROM document  as  a INNER JOIN Picture as b  on b.id = a.cover_id  WHERE a.category_id = 39 AND a.status = 1 

[ 2017-07-08T21:39:44+08:00 ] 127.0.0.1 /Service/view/id/4
INFO: [ app_begin ] --START--
INFO: Run Behavior\ReadHtmlCacheBehavior [ RunTime:0.000419s ]
INFO: [ app_begin ] --END-- [ RunTime:0.000692s ]
SQL: SHOW COLUMNS FROM `document` [ RunTime:0.0263s ]
SQL: SELECT * FROM `document` WHERE `id` = 4  [ RunTime:0.0004s ]
SQL: UPDATE `document` SET `view`='1' WHERE `id` = 4 [ RunTime:0.0002s ]
INFO: [ app_end ] --START--
INFO: Run Behavior\ShowPageTraceBehavior [ RunTime:0.000793s ]
INFO: [ app_end ] --END-- [ RunTime:0.000840s ]

[ 2017-07-08T21:40:33+08:00 ] 127.0.0.1 /Service/view/id/5
INFO: [ app_begin ] --START--
INFO: Run Behavior\ReadHtmlCacheBehavior [ RunTime:0.000593s ]
INFO: [ app_begin ] --END-- [ RunTime:0.000914s ]
SQL: SHOW COLUMNS FROM `document` [ RunTime:0.0237s ]
SQL: SELECT * FROM `document` WHERE `id` = 5  [ RunTime:0.0003s ]
SQL: UPDATE `document` SET `view`='1' WHERE `id` = 5 [ RunTime:0.0002s ]
INFO: [ app_end ] --START--
INFO: Run Behavior\ShowPageTraceBehavior [ RunTime:0.000796s ]
INFO: [ app_end ] --END-- [ RunTime:0.000839s ]

[ 2017-07-08T21:40:40+08:00 ] 127.0.0.1 /Service/view/id/5
INFO: [ app_begin ] --START--
INFO: Run Behavior\ReadHtmlCacheBehavior [ RunTime:0.000446s ]
INFO: [ app_begin ] --END-- [ RunTime:0.000717s ]
SQL: SHOW COLUMNS FROM `document` [ RunTime:0.0246s ]
SQL: SELECT * FROM `document` WHERE `id` = 5  [ RunTime:0.0003s ]
SQL: UPDATE `document` SET `view`='2' WHERE `id` = 5 [ RunTime:0.0002s ]
INFO: [ app_end ] --START--
INFO: Run Behavior\ShowPageTraceBehavior [ RunTime:0.000736s ]
INFO: [ app_end ] --END-- [ RunTime:0.000789s ]

[ 2017-07-08T21:40:43+08:00 ] 127.0.0.1 /Service/view/id/5
INFO: [ app_begin ] --START--
INFO: Run Behavior\ReadHtmlCacheBehavior [ RunTime:0.000705s ]
INFO: [ app_begin ] --END-- [ RunTime:0.001161s ]
SQL: SHOW COLUMNS FROM `document` [ RunTime:0.0250s ]
SQL: SELECT * FROM `document` WHERE `id` = 5  [ RunTime:0.0003s ]
SQL: UPDATE `document` SET `view`='3' WHERE `id` = 5 [ RunTime:0.0002s ]
INFO: [ app_end ] --START--
INFO: Run Behavior\ShowPageTraceBehavior [ RunTime:0.000703s ]
INFO: [ app_end ] --END-- [ RunTime:0.000748s ]

[ 2017-07-08T21:40:45+08:00 ] 127.0.0.1 /Service/index/p/2
INFO: [ app_begin ] --START--
INFO: Run Behavior\ReadHtmlCacheBehavior [ RunTime:0.000422s ]
INFO: [ app_begin ] --END-- [ RunTime:0.000694s ]
SQL: SHOW COLUMNS FROM `document` [ RunTime:0.0241s ]
SQL: SELECT a.*,b.path FROM document  as  a INNER JOIN Picture as b  on b.id = a.cover_id  WHERE a.category_id = 39 AND a.status = 1  [ RunTime:0.0004s ]

[ 2017-07-08T21:40:53+08:00 ] 127.0.0.1 /Service/index/p/2
INFO: [ app_begin ] --START--
INFO: Run Behavior\ReadHtmlCacheBehavior [ RunTime:0.000787s ]
INFO: [ app_begin ] --END-- [ RunTime:0.001295s ]
SQL: SHOW COLUMNS FROM `document` [ RunTime:0.0239s ]
SQL: SELECT a.*,b.path FROM document  as  a INNER JOIN Picture as b  on b.id = a.cover_id  WHERE a.category_id = 39 AND a.status = 1  [ RunTime:0.0005s ]

[ 2017-07-08T21:40:59+08:00 ] 127.0.0.1 /Service/view/id/4
INFO: [ app_begin ] --START--
INFO: Run Behavior\ReadHtmlCacheBehavior [ RunTime:0.001333s ]
INFO: [ app_begin ] --END-- [ RunTime:0.001928s ]
SQL: SHOW COLUMNS FROM `document` [ RunTime:0.0235s ]
SQL: SELECT * FROM `document` WHERE `id` = 4  [ RunTime:0.0003s ]
SQL: UPDATE `document` SET `view`='2' WHERE `id` = 4 [ RunTime:0.0002s ]
INFO: [ app_end ] --START--
INFO: Run Behavior\ShowPageTraceBehavior [ RunTime:0.000690s ]
INFO: [ app_end ] --END-- [ RunTime:0.000728s ]

[ 2017-07-08T21:41:23+08:00 ] 127.0.0.1 /Service/view/id/5
INFO: [ app_begin ] --START--
INFO: Run Behavior\ReadHtmlCacheBehavior [ RunTime:0.000568s ]
INFO: [ app_begin ] --END-- [ RunTime:0.001061s ]
SQL: SHOW COLUMNS FROM `document` [ RunTime:0.0318s ]
SQL: SELECT * FROM `document` WHERE `id` = 5  [ RunTime:0.0004s ]
SQL: UPDATE `document` SET `view`='4' WHERE `id` = 5 [ RunTime:0.0006s ]
INFO: [ app_end ] --START--
INFO: Run Behavior\ShowPageTraceBehavior [ RunTime:0.000957s ]
INFO: [ app_end ] --END-- [ RunTime:0.001024s ]

[ 2017-07-08T21:41:26+08:00 ] 127.0.0.1 /Service/index/p/2
INFO: [ app_begin ] --START--
INFO: Run Behavior\ReadHtmlCacheBehavior [ RunTime:0.000422s ]
INFO: [ app_begin ] --END-- [ RunTime:0.000719s ]
SQL: SHOW COLUMNS FROM `document` [ RunTime:0.0227s ]
SQL: SELECT a.*,b.path FROM document  as  a INNER JOIN Picture as b  on b.id = a.cover_id  WHERE a.category_id = 39 AND a.status = 1  [ RunTime:0.0005s ]

[ 2017-07-08T21:41:33+08:00 ] 127.0.0.1 /Service/view/id/5
INFO: [ app_begin ] --START--
INFO: Run Behavior\ReadHtmlCacheBehavior [ RunTime:0.000772s ]
INFO: [ app_begin ] --END-- [ RunTime:0.001409s ]
SQL: SHOW COLUMNS FROM `document` [ RunTime:0.0281s ]
SQL: SELECT * FROM `document` WHERE `id` = 5  [ RunTime:0.0003s ]
SQL: UPDATE `document` SET `view`='5' WHERE `id` = 5 [ RunTime:0.0002s ]
INFO: [ app_end ] --START--
INFO: Run Behavior\ShowPageTraceBehavior [ RunTime:0.000768s ]
INFO: [ app_end ] --END-- [ RunTime:0.000810s ]

[ 2017-07-08T21:41:39+08:00 ] 127.0.0.1 /Service/view/id/4
INFO: [ app_begin ] --START--
INFO: Run Behavior\ReadHtmlCacheBehavior [ RunTime:0.000621s ]
INFO: [ app_begin ] --END-- [ RunTime:0.001410s ]
SQL: SHOW COLUMNS FROM `document` [ RunTime:0.0249s ]
SQL: SELECT * FROM `document` WHERE `id` = 4  [ RunTime:0.0004s ]
SQL: UPDATE `document` SET `view`='3' WHERE `id` = 4 [ RunTime:0.0002s ]
INFO: [ app_end ] --START--
INFO: Run Behavior\ShowPageTraceBehavior [ RunTime:0.000932s ]
INFO: [ app_end ] --END-- [ RunTime:0.000991s ]

[ 2017-07-08T21:41:43+08:00 ] 127.0.0.1 /Service/index/p/2
INFO: [ app_begin ] --START--
INFO: Run Behavior\ReadHtmlCacheBehavior [ RunTime:0.000705s ]
INFO: [ app_begin ] --END-- [ RunTime:0.001173s ]
SQL: SHOW COLUMNS FROM `document` [ RunTime:0.0221s ]
SQL: SELECT a.*,b.path FROM document  as  a INNER JOIN Picture as b  on b.id = a.cover_id  WHERE a.category_id = 39 AND a.status = 1  [ RunTime:0.0005s ]

[ 2017-07-08T21:41:52+08:00 ] 127.0.0.1 /Service/index/p/2
INFO: [ app_begin ] --START--
INFO: Run Behavior\ReadHtmlCacheBehavior [ RunTime:0.000441s ]
INFO: [ app_begin ] --END-- [ RunTime:0.000753s ]
SQL: SHOW COLUMNS FROM `document` [ RunTime:0.0218s ]
SQL: SELECT a.*,b.path FROM document  as  a INNER JOIN Picture as b  on b.id = a.cover_id  WHERE a.category_id = 39 AND a.status = 1  [ RunTime:0.0005s ]

[ 2017-07-08T21:45:44+08:00 ] 127.0.0.1 /Service/index/p/2
INFO: [ app_begin ] --START--
INFO: Run Behavior\ReadHtmlCacheBehavior [ RunTime:0.000704s ]
INFO: [ app_begin ] --END-- [ RunTime:0.001179s ]
SQL: SHOW COLUMNS FROM `document` [ RunTime:0.0224s ]
SQL: SELECT a.*,b.path FROM document  as  a INNER JOIN Picture as b  on b.id = a.cover_id  WHERE a.category_id = 39 AND a.status = 1  [ RunTime:0.0004s ]

[ 2017-07-08T21:46:27+08:00 ] 127.0.0.1 /Service/index/p/2
INFO: [ app_begin ] --START--
INFO: Run Behavior\ReadHtmlCacheBehavior [ RunTime:0.000420s ]
INFO: [ app_begin ] --END-- [ RunTime:0.000718s ]
SQL: SHOW COLUMNS FROM `document` [ RunTime:0.0220s ]
SQL: SELECT a.*,b.path FROM document  as  a INNER JOIN Picture as b  on b.id = a.cover_id  WHERE a.category_id = 39 AND a.status = 1  [ RunTime:0.0005s ]

[ 2017-07-08T21:46:30+08:00 ] 127.0.0.1 /Service/index/p/2
INFO: [ app_begin ] --START--
INFO: Run Behavior\ReadHtmlCacheBehavior [ RunTime:0.000698s ]
INFO: [ app_begin ] --END-- [ RunTime:0.001151s ]
SQL: SHOW COLUMNS FROM `document` [ RunTime:0.0318s ]
SQL: SELECT a.*,b.path FROM document  as  a INNER JOIN Picture as b  on b.id = a.cover_id  WHERE a.category_id = 39 AND a.status = 1  [ RunTime:0.0006s ]

[ 2017-07-08T21:46:36+08:00 ] 127.0.0.1 /Service/view/id/5
INFO: [ app_begin ] --START--
INFO: Run Behavior\ReadHtmlCacheBehavior [ RunTime:0.000479s ]
INFO: [ app_begin ] --END-- [ RunTime:0.000789s ]
SQL: SHOW COLUMNS FROM `document` [ RunTime:0.0231s ]
SQL: SELECT * FROM `document` WHERE `id` = 5  [ RunTime:0.0003s ]
SQL: UPDATE `document` SET `view`='6' WHERE `id` = 5 [ RunTime:0.0002s ]
INFO: [ app_end ] --START--
INFO: Run Behavior\ShowPageTraceBehavior [ RunTime:0.000786s ]
INFO: [ app_end ] --END-- [ RunTime:0.000829s ]

[ 2017-07-08T21:46:40+08:00 ] 127.0.0.1 /Service/index/p/2
INFO: [ app_begin ] --START--
INFO: Run Behavior\ReadHtmlCacheBehavior [ RunTime:0.000879s ]
INFO: [ app_begin ] --END-- [ RunTime:0.001528s ]
SQL: SHOW COLUMNS FROM `document` [ RunTime:0.0215s ]
SQL: SELECT a.*,b.path FROM document  as  a INNER JOIN Picture as b  on b.id = a.cover_id  WHERE a.category_id = 39 AND a.status = 1  [ RunTime:0.0005s ]

[ 2017-07-08T21:46:55+08:00 ] 127.0.0.1 /Service/index/p/2
INFO: [ app_begin ] --START--
INFO: Run Behavior\ReadHtmlCacheBehavior [ RunTime:0.000423s ]
INFO: [ app_begin ] --END-- [ RunTime:0.000755s ]
SQL: SHOW COLUMNS FROM `document` [ RunTime:0.0230s ]
SQL: SELECT a.*,b.path FROM document  as  a INNER JOIN Picture as b  on b.id = a.cover_id  WHERE a.category_id = 39 AND a.status = 1  [ RunTime:0.0004s ]

[ 2017-07-08T21:47:00+08:00 ] 127.0.0.1 /Service/index/p/2
INFO: [ app_begin ] --START--
INFO: Run Behavior\ReadHtmlCacheBehavior [ RunTime:0.001173s ]
INFO: [ app_begin ] --END-- [ RunTime:0.001904s ]
SQL: SHOW COLUMNS FROM `document` [ RunTime:0.0226s ]
SQL: SELECT a.*,b.path FROM document  as  a INNER JOIN Picture as b  on b.id = a.cover_id  WHERE a.category_id = 39 AND a.status = 1  [ RunTime:0.0004s ]

[ 2017-07-08T21:49:53+08:00 ] 127.0.0.1 /Service/index/p/2
INFO: [ app_begin ] --START--
INFO: Run Behavior\ReadHtmlCacheBehavior [ RunTime:0.000422s ]
INFO: [ app_begin ] --END-- [ RunTime:0.000696s ]
SQL: SHOW COLUMNS FROM `document` [ RunTime:0.0213s ]
SQL: SELECT a.*,b.path FROM document  as  a INNER JOIN Picture as b  on b.id = a.cover_id  WHERE a.category_id = 39 AND a.status = 1  [ RunTime:0.0004s ]

[ 2017-07-08T21:49:58+08:00 ] 127.0.0.1 /Service/index/p/2
INFO: [ app_begin ] --START--
INFO: Run Behavior\ReadHtmlCacheBehavior [ RunTime:0.000448s ]
INFO: [ app_begin ] --END-- [ RunTime:0.000722s ]
SQL: SHOW COLUMNS FROM `document` [ RunTime:0.0231s ]
SQL: SELECT a.*,b.path FROM document  as  a INNER JOIN Picture as b  on b.id = a.cover_id  WHERE a.category_id = 39 AND a.status = 1  [ RunTime:0.0005s ]

[ 2017-07-08T21:50:01+08:00 ] 127.0.0.1 /Service/index/p/2
INFO: [ app_begin ] --START--
INFO: Run Behavior\ReadHtmlCacheBehavior [ RunTime:0.000470s ]
INFO: [ app_begin ] --END-- [ RunTime:0.000792s ]
SQL: SHOW COLUMNS FROM `document` [ RunTime:0.0242s ]
SQL: SELECT a.*,b.path FROM document  as  a INNER JOIN Picture as b  on b.id = a.cover_id  WHERE a.category_id = 39 AND a.status = 1  [ RunTime:0.0005s ]

[ 2017-07-08T21:51:18+08:00 ] 127.0.0.1 /Service/index/p/2
INFO: [ app_begin ] --START--
INFO: Run Behavior\ReadHtmlCacheBehavior [ RunTime:0.000839s ]
INFO: [ app_begin ] --END-- [ RunTime:0.001408s ]
SQL: SHOW COLUMNS FROM `document` [ RunTime:0.0297s ]
SQL: SELECT a.*,b.path FROM document  as  a INNER JOIN Picture as b  on b.id = a.cover_id  WHERE a.category_id = 39 AND a.status = 1  [ RunTime:0.0005s ]

[ 2017-07-08T21:52:15+08:00 ] 127.0.0.1 /Service/index/p/2
INFO: [ app_begin ] --START--
INFO: Run Behavior\ReadHtmlCacheBehavior [ RunTime:0.000464s ]
INFO: [ app_begin ] --END-- [ RunTime:0.000780s ]
SQL: SHOW COLUMNS FROM `document` [ RunTime:0.0236s ]
SQL: SELECT a.*,b.path FROM document  as  a INNER JOIN Picture as b  on b.id = a.cover_id  WHERE a.category_id = 39 AND a.status = 1  [ RunTime:0.0005s ]

[ 2017-07-08T21:52:19+08:00 ] 127.0.0.1 /Service/index/p/2
INFO: [ app_begin ] --START--
INFO: Run Behavior\ReadHtmlCacheBehavior [ RunTime:0.000556s ]
INFO: [ app_begin ] --END-- [ RunTime:0.001629s ]
SQL: SHOW COLUMNS FROM `document` [ RunTime:0.0271s ]
SQL: SELECT a.*,b.path FROM document  as  a INNER JOIN Picture as b  on b.id = a.cover_id  WHERE a.category_id = 39 AND a.status = 1  [ RunTime:0.0004s ]

[ 2017-07-08T21:52:47+08:00 ] 127.0.0.1 /Service/index/p/2
INFO: [ app_begin ] --START--
INFO: Run Behavior\ReadHtmlCacheBehavior [ RunTime:0.000664s ]
INFO: [ app_begin ] --END-- [ RunTime:0.001727s ]
SQL: SHOW COLUMNS FROM `document` [ RunTime:0.0240s ]
SQL: SELECT a.*,b.path FROM document  as  a INNER JOIN Picture as b  on b.id = a.cover_id  WHERE a.category_id = 39 AND a.status = 1  [ RunTime:0.0005s ]

[ 2017-07-08T21:52:51+08:00 ] 127.0.0.1 /Service/index/p/2
INFO: [ app_begin ] --START--
INFO: Run Behavior\ReadHtmlCacheBehavior [ RunTime:0.000730s ]
INFO: [ app_begin ] --END-- [ RunTime:0.001188s ]
SQL: SHOW COLUMNS FROM `document` [ RunTime:0.0418s ]
SQL: SELECT a.*,b.path FROM document  as  a INNER JOIN Picture as b  on b.id = a.cover_id  WHERE a.category_id = 39 AND a.status = 1  [ RunTime:0.0005s ]

[ 2017-07-08T21:53:29+08:00 ] 127.0.0.1 /Service/index/p/3
INFO: [ app_begin ] --START--
INFO: Run Behavior\ReadHtmlCacheBehavior [ RunTime:0.000421s ]
INFO: [ app_begin ] --END-- [ RunTime:0.000694s ]
SQL: SHOW COLUMNS FROM `document` [ RunTime:0.0244s ]
SQL: SELECT a.*,b.path FROM document  as  a INNER JOIN Picture as b  on b.id = a.cover_id  WHERE a.category_id = 39 AND a.status = 1  [ RunTime:0.0005s ]

[ 2017-07-08T21:55:55+08:00 ] 127.0.0.1 /Service/index/p/2
INFO: [ app_begin ] --START--
INFO: Run Behavior\ReadHtmlCacheBehavior [ RunTime:0.000696s ]
INFO: [ app_begin ] --END-- [ RunTime:0.001147s ]
SQL: SHOW COLUMNS FROM `document` [ RunTime:0.0236s ]
SQL: SELECT a.*,b.path FROM document  as  a INNER JOIN Picture as b  on b.id = a.cover_id  WHERE a.category_id = 39 AND a.status = 1  [ RunTime:0.0005s ]

[ 2017-07-08T21:56:43+08:00 ] 127.0.0.1 /Service/index/p/2
INFO: [ app_begin ] --START--
INFO: Run Behavior\ReadHtmlCacheBehavior [ RunTime:0.000698s ]
INFO: [ app_begin ] --END-- [ RunTime:0.001150s ]
SQL: SHOW COLUMNS FROM `document` [ RunTime:0.0233s ]
SQL: SELECT a.*,b.path FROM document  as  a INNER JOIN Picture as b  on b.id = a.cover_id  WHERE a.category_id = 39 AND a.status = 1  [ RunTime:0.0005s ]

[ 2017-07-08T21:56:54+08:00 ] 127.0.0.1 /Service/view/id/5
INFO: [ app_begin ] --START--
INFO: Run Behavior\ReadHtmlCacheBehavior [ RunTime:0.001028s ]
INFO: [ app_begin ] --END-- [ RunTime:0.001741s ]
SQL: SHOW COLUMNS FROM `document` [ RunTime:0.0264s ]
SQL: SELECT * FROM `document` WHERE `id` = 5  [ RunTime:0.0004s ]
SQL: UPDATE `document` SET `view`='7' WHERE `id` = 5 [ RunTime:0.0003s ]
INFO: [ app_end ] --START--
INFO: Run Behavior\ShowPageTraceBehavior [ RunTime:0.000986s ]
INFO: [ app_end ] --END-- [ RunTime:0.001036s ]

[ 2017-07-08T21:57:00+08:00 ] 127.0.0.1 /Service/index/p/2
INFO: [ app_begin ] --START--
INFO: Run Behavior\ReadHtmlCacheBehavior [ RunTime:0.000478s ]
INFO: [ app_begin ] --END-- [ RunTime:0.000875s ]
SQL: SHOW COLUMNS FROM `document` [ RunTime:0.0313s ]
SQL: SELECT a.*,b.path FROM document  as  a INNER JOIN Picture as b  on b.id = a.cover_id  WHERE a.category_id = 39 AND a.status = 1  [ RunTime:0.0005s ]

[ 2017-07-08T22:00:20+08:00 ] 127.0.0.1 /Service/index/p/2
INFO: [ app_begin ] --START--
INFO: Run Behavior\ReadHtmlCacheBehavior [ RunTime:0.001178s ]
INFO: [ app_begin ] --END-- [ RunTime:0.002112s ]
SQL: SHOW COLUMNS FROM `document` [ RunTime:0.0194s ]
SQL: SELECT a.*,b.path FROM document  as  a INNER JOIN Picture as b  on b.id = a.cover_id  WHERE a.category_id = 39 AND a.status = 1  [ RunTime:0.0004s ]

[ 2017-07-08T22:00:26+08:00 ] 127.0.0.1 /Service/index/p/2
INFO: [ app_begin ] --START--
INFO: Run Behavior\ReadHtmlCacheBehavior [ RunTime:0.000450s ]
INFO: [ app_begin ] --END-- [ RunTime:0.000779s ]
SQL: SHOW COLUMNS FROM `document` [ RunTime:0.0223s ]
SQL: SELECT a.*,b.path FROM document  as  a INNER JOIN Picture as b  on b.id = a.cover_id  WHERE a.category_id = 39 AND a.status = 1  [ RunTime:0.0004s ]

[ 2017-07-08T22:02:02+08:00 ] 127.0.0.1 /Service/index/p/2
INFO: [ app_begin ] --START--
INFO: Run Behavior\ReadHtmlCacheBehavior [ RunTime:0.000481s ]
INFO: [ app_begin ] --END-- [ RunTime:0.000881s ]
SQL: SHOW COLUMNS FROM `document` [ RunTime:0.0287s ]
SQL: SELECT a.*,b.path FROM document  as  a INNER JOIN Picture as b  on b.id = a.cover_id  WHERE a.category_id = 39 AND a.status = 1  [ RunTime:0.0005s ]

[ 2017-07-08T22:05:03+08:00 ] 127.0.0.1 /Service/view/id/4
INFO: [ app_begin ] --START--
INFO: Run Behavior\ReadHtmlCacheBehavior [ RunTime:0.000464s ]
INFO: [ app_begin ] --END-- [ RunTime:0.000918s ]
SQL: SHOW COLUMNS FROM `document` [ RunTime:0.0267s ]
SQL: SELECT * FROM `document` WHERE `id` = 4  [ RunTime:0.0003s ]
SQL: UPDATE `document` SET `view`='4' WHERE `id` = 4 [ RunTime:0.0003s ]
INFO: [ app_end ] --START--
INFO: Run Behavior\ShowPageTraceBehavior [ RunTime:0.000813s ]
INFO: [ app_end ] --END-- [ RunTime:0.000858s ]

[ 2017-07-08T22:05:08+08:00 ] 127.0.0.1 /Service/index/p/2
INFO: [ app_begin ] --START--
INFO: Run Behavior\ReadHtmlCacheBehavior [ RunTime:0.000425s ]
INFO: [ app_begin ] --END-- [ RunTime:0.000698s ]
SQL: SHOW COLUMNS FROM `document` [ RunTime:0.0247s ]
SQL: SELECT a.*,b.path FROM document  as  a INNER JOIN Picture as b  on b.id = a.cover_id  WHERE a.category_id = 39 AND a.status = 1  [ RunTime:0.0004s ]

[ 2017-07-08T22:05:09+08:00 ] 127.0.0.1 /Service/view/id/6
INFO: [ app_begin ] --START--
INFO: Run Behavior\ReadHtmlCacheBehavior [ RunTime:0.000754s ]
INFO: [ app_begin ] --END-- [ RunTime:0.001264s ]
SQL: SHOW COLUMNS FROM `document` [ RunTime:0.0298s ]
SQL: SELECT * FROM `document` WHERE `id` = 6  [ RunTime:0.0003s ]
SQL: UPDATE `document` SET `view`='1' WHERE `id` = 6 [ RunTime:0.0002s ]
INFO: [ app_end ] --START--
INFO: Run Behavior\ShowPageTraceBehavior [ RunTime:0.000720s ]
INFO: [ app_end ] --END-- [ RunTime:0.000757s ]

[ 2017-07-08T22:05:13+08:00 ] 127.0.0.1 /Service/index/p/2
INFO: [ app_begin ] --START--
INFO: Run Behavior\ReadHtmlCacheBehavior [ RunTime:0.000423s ]
INFO: [ app_begin ] --END-- [ RunTime:0.000728s ]
SQL: SHOW COLUMNS FROM `document` [ RunTime:0.0248s ]
SQL: SELECT a.*,b.path FROM document  as  a INNER JOIN Picture as b  on b.id = a.cover_id  WHERE a.category_id = 39 AND a.status = 1  [ RunTime:0.0004s ]

[ 2017-07-08T22:07:00+08:00 ] 127.0.0.1 /Service/index/p/3
INFO: [ app_begin ] --START--
INFO: Run Behavior\ReadHtmlCacheBehavior [ RunTime:0.000744s ]
INFO: [ app_begin ] --END-- [ RunTime:0.001195s ]
SQL: SHOW COLUMNS FROM `document` [ RunTime:0.0315s ]
SQL: SELECT a.*,b.path FROM document  as  a INNER JOIN Picture as b  on b.id = a.cover_id  WHERE a.category_id = 39 AND a.status = 1  [ RunTime:0.0004s ]

[ 2017-07-08T22:07:04+08:00 ] 127.0.0.1 /Service/view/id/7
INFO: [ app_begin ] --START--
INFO: Run Behavior\ReadHtmlCacheBehavior [ RunTime:0.001342s ]
INFO: [ app_begin ] --END-- [ RunTime:0.001891s ]
SQL: SHOW COLUMNS FROM `document` [ RunTime:0.0296s ]
SQL: SELECT * FROM `document` WHERE `id` = 7  [ RunTime:0.0004s ]
SQL: UPDATE `document` SET `view`='7' WHERE `id` = 7 [ RunTime:0.0002s ]
INFO: [ app_end ] --START--
INFO: Run Behavior\ShowPageTraceBehavior [ RunTime:0.000712s ]
INFO: [ app_end ] --END-- [ RunTime:0.000749s ]

[ 2017-07-08T22:07:40+08:00 ] 127.0.0.1 /Service/index/p/2
INFO: [ app_begin ] --START--
INFO: Run Behavior\ReadHtmlCacheBehavior [ RunTime:0.000506s ]
INFO: [ app_begin ] --END-- [ RunTime:0.000924s ]
SQL: SHOW COLUMNS FROM `document` [ RunTime:0.0299s ]
SQL: SELECT a.*,b.path FROM document  as  a INNER JOIN Picture as b  on b.id = a.cover_id  WHERE a.category_id = 39 AND a.status = 1  [ RunTime:0.0004s ]

[ 2017-07-08T22:07:42+08:00 ] 127.0.0.1 /Service/view/id/7
INFO: [ app_begin ] --START--
INFO: Run Behavior\ReadHtmlCacheBehavior [ RunTime:0.000720s ]
INFO: [ app_begin ] --END-- [ RunTime:0.001183s ]
SQL: SHOW COLUMNS FROM `document` [ RunTime:0.0343s ]
SQL: SELECT * FROM `document` WHERE `id` = 7  [ RunTime:0.0005s ]
SQL: UPDATE `document` SET `view`='8' WHERE `id` = 7 [ RunTime:0.0003s ]
INFO: [ app_end ] --START--
INFO: Run Behavior\ShowPageTraceBehavior [ RunTime:0.001008s ]
INFO: [ app_end ] --END-- [ RunTime:0.001093s ]

[ 2017-07-08T22:07:48+08:00 ] 127.0.0.1 /Service/index/p/2
INFO: [ app_begin ] --START--
INFO: Run Behavior\ReadHtmlCacheBehavior [ RunTime:0.000535s ]
INFO: [ app_begin ] --END-- [ RunTime:0.001093s ]
SQL: SHOW COLUMNS FROM `document` [ RunTime:0.0292s ]
SQL: SELECT a.*,b.path FROM document  as  a INNER JOIN Picture as b  on b.id = a.cover_id  WHERE a.category_id = 39 AND a.status = 1  [ RunTime:0.0005s ]

[ 2017-07-08T22:07:50+08:00 ] 127.0.0.1 /Service/view/id/6
INFO: [ app_begin ] --START--
INFO: Run Behavior\ReadHtmlCacheBehavior [ RunTime:0.000494s ]
INFO: [ app_begin ] --END-- [ RunTime:0.000878s ]
SQL: SHOW COLUMNS FROM `document` [ RunTime:0.0293s ]
SQL: SELECT * FROM `document` WHERE `id` = 6  [ RunTime:0.0004s ]
SQL: UPDATE `document` SET `view`='2' WHERE `id` = 6 [ RunTime:0.0003s ]
INFO: [ app_end ] --START--
INFO: Run Behavior\ShowPageTraceBehavior [ RunTime:0.001057s ]
INFO: [ app_end ] --END-- [ RunTime:0.001122s ]

[ 2017-07-08T22:07:53+08:00 ] 127.0.0.1 /Service/index/p/2
INFO: [ app_begin ] --START--
INFO: Run Behavior\ReadHtmlCacheBehavior [ RunTime:0.000719s ]
INFO: [ app_begin ] --END-- [ RunTime:0.001172s ]
SQL: SHOW COLUMNS FROM `document` [ RunTime:0.0246s ]
SQL: SELECT a.*,b.path FROM document  as  a INNER JOIN Picture as b  on b.id = a.cover_id  WHERE a.category_id = 39 AND a.status = 1  [ RunTime:0.0005s ]

[ 2017-07-08T22:32:55+08:00 ] 127.0.0.1 /Notice/view/id/2
INFO: [ app_begin ] --START--
INFO: Run Behavior\ReadHtmlCacheBehavior [ RunTime:0.000622s ]
INFO: [ app_begin ] --END-- [ RunTime:0.000983s ]
ERR: 非法操作:view

[ 2017-07-08T22:33:38+08:00 ] 127.0.0.1 /Notice/index/p/2
INFO: [ app_begin ] --START--
INFO: Run Behavior\ReadHtmlCacheBehavior [ RunTime:0.000563s ]
INFO: [ app_begin ] --END-- [ RunTime:0.000994s ]
SQL: SHOW COLUMNS FROM `document` [ RunTime:0.0236s ]
SQL: SELECT a.*,b.path FROM document  as  a INNER JOIN Picture as b  on b.id = a.cover_id  WHERE a.category_id = 2 AND a.status = 1  [ RunTime:0.0004s ]

[ 2017-07-08T22:33:40+08:00 ] 127.0.0.1 /Notice/view/id/8
INFO: [ app_begin ] --START--
INFO: Run Behavior\ReadHtmlCacheBehavior [ RunTime:0.000469s ]
INFO: [ app_begin ] --END-- [ RunTime:0.000825s ]
ERR: 非法操作:view

[ 2017-07-08T22:33:44+08:00 ] 127.0.0.1 /Notice/index/p/2
INFO: [ app_begin ] --START--
INFO: Run Behavior\ReadHtmlCacheBehavior [ RunTime:0.000868s ]
INFO: [ app_begin ] --END-- [ RunTime:0.001353s ]
SQL: SHOW COLUMNS FROM `document` [ RunTime:0.0176s ]
SQL: SELECT a.*,b.path FROM document  as  a INNER JOIN Picture as b  on b.id = a.cover_id  WHERE a.category_id = 2 AND a.status = 1  [ RunTime:0.0004s ]

[ 2017-07-08T22:34:00+08:00 ] 127.0.0.1 /Notice/index/p/2
INFO: [ app_begin ] --START--
INFO: Run Behavior\ReadHtmlCacheBehavior [ RunTime:0.000428s ]
INFO: [ app_begin ] --END-- [ RunTime:0.000702s ]
SQL: SHOW COLUMNS FROM `document` [ RunTime:0.0236s ]
SQL: SELECT a.*,b.path FROM document  as  a INNER JOIN Picture as b  on b.id = a.cover_id  WHERE a.category_id = 2 AND a.status = 1  [ RunTime:0.0004s ]

[ 2017-07-08T22:34:31+08:00 ] 127.0.0.1 /Notice/view/id/3
INFO: [ app_begin ] --START--
INFO: Run Behavior\ReadHtmlCacheBehavior [ RunTime:0.000733s ]
INFO: [ app_begin ] --END-- [ RunTime:0.001208s ]
SQL: SHOW COLUMNS FROM `document` [ RunTime:0.0255s ]
SQL: SELECT * FROM `document` WHERE `id` = 3  [ RunTime:0.0004s ]
SQL: UPDATE `document` SET `view`='2' WHERE `id` = 3 [ RunTime:0.0002s ]
INFO: [ app_end ] --START--
INFO: Run Behavior\ShowPageTraceBehavior [ RunTime:0.000805s ]
INFO: [ app_end ] --END-- [ RunTime:0.000849s ]

[ 2017-07-08T22:34:35+08:00 ] 127.0.0.1 /Notice/index/p/2
INFO: [ app_begin ] --START--
INFO: Run Behavior\ReadHtmlCacheBehavior [ RunTime:0.000423s ]
INFO: [ app_begin ] --END-- [ RunTime:0.000762s ]
SQL: SHOW COLUMNS FROM `document` [ RunTime:0.0239s ]
SQL: SELECT a.*,b.path FROM document  as  a INNER JOIN Picture as b  on b.id = a.cover_id  WHERE a.category_id = 2 AND a.status = 1  [ RunTime:0.0004s ]

[ 2017-07-08T22:34:35+08:00 ] 127.0.0.1 /Notice/view/id/8
INFO: [ app_begin ] --START--
INFO: Run Behavior\ReadHtmlCacheBehavior [ RunTime:0.000484s ]
INFO: [ app_begin ] --END-- [ RunTime:0.000846s ]
SQL: SHOW COLUMNS FROM `document` [ RunTime:0.0186s ]
SQL: SELECT * FROM `document` WHERE `id` = 8  [ RunTime:0.0004s ]
SQL: UPDATE `document` SET `view`='1' WHERE `id` = 8 [ RunTime:0.0002s ]
INFO: [ app_end ] --START--
INFO: Run Behavior\ShowPageTraceBehavior [ RunTime:0.000732s ]
INFO: [ app_end ] --END-- [ RunTime:0.000773s ]

[ 2017-07-08T22:34:38+08:00 ] 127.0.0.1 /Notice/index/p/2
INFO: [ app_begin ] --START--
INFO: Run Behavior\ReadHtmlCacheBehavior [ RunTime:0.000424s ]
INFO: [ app_begin ] --END-- [ RunTime:0.000699s ]
SQL: SHOW COLUMNS FROM `document` [ RunTime:0.0231s ]
SQL: SELECT a.*,b.path FROM document  as  a INNER JOIN Picture as b  on b.id = a.cover_id  WHERE a.category_id = 2 AND a.status = 1  [ RunTime:0.0005s ]

[ 2017-07-08T23:17:49+08:00 ] 127.0.0.1 /Shop/view/id/9
INFO: [ app_begin ] --START--
INFO: Run Behavior\ReadHtmlCacheBehavior [ RunTime:0.000782s ]
INFO: [ app_begin ] --END-- [ RunTime:0.001186s ]
ERR: 非法操作:view

[ 2017-07-08T23:17:57+08:00 ] 127.0.0.1 /Shop/view/id/9
INFO: [ app_begin ] --START--
INFO: Run Behavior\ReadHtmlCacheBehavior [ RunTime:0.000674s ]
INFO: [ app_begin ] --END-- [ RunTime:0.001063s ]
ERR: 非法操作:view

[ 2017-07-08T23:19:03+08:00 ] 127.0.0.1 /Shop/view/id/9
INFO: [ app_begin ] --START--
INFO: Run Behavior\ReadHtmlCacheBehavior [ RunTime:0.000836s ]
INFO: [ app_begin ] --END-- [ RunTime:0.001237s ]
ERR: 非法操作:view

[ 2017-07-08T23:19:21+08:00 ] 127.0.0.1 /Shop/view/id/9
INFO: [ app_begin ] --START--
INFO: Run Behavior\ReadHtmlCacheBehavior [ RunTime:0.000724s ]
INFO: [ app_begin ] --END-- [ RunTime:0.001271s ]
SQL: SHOW COLUMNS FROM `document` [ RunTime:0.0169s ]
SQL: SELECT * FROM `document` WHERE `id` = 9  [ RunTime:0.0004s ]
SQL: UPDATE `document` SET `view`='1' WHERE `id` = 9 [ RunTime:0.0002s ]
INFO: [ app_end ] --START--
INFO: Run Behavior\ShowPageTraceBehavior [ RunTime:0.000849s ]
INFO: [ app_end ] --END-- [ RunTime:0.000903s ]

[ 2017-07-08T23:19:25+08:00 ] 127.0.0.1 /Shop/view/id/10
INFO: [ app_begin ] --START--
INFO: Run Behavior\ReadHtmlCacheBehavior [ RunTime:0.000787s ]
INFO: [ app_begin ] --END-- [ RunTime:0.001192s ]
SQL: SHOW COLUMNS FROM `document` [ RunTime:0.0306s ]
SQL: SELECT * FROM `document` WHERE `id` = 10  [ RunTime:0.0005s ]
SQL: UPDATE `document` SET `view`='1' WHERE `id` = 10 [ RunTime:0.0003s ]
INFO: [ app_end ] --START--
INFO: Run Behavior\ShowPageTraceBehavior [ RunTime:0.001026s ]
INFO: [ app_end ] --END-- [ RunTime:0.001083s ]

[ 2017-07-08T23:19:29+08:00 ] 127.0.0.1 /Shop/view/id/9
INFO: [ app_begin ] --START--
INFO: Run Behavior\ReadHtmlCacheBehavior [ RunTime:0.000481s ]
INFO: [ app_begin ] --END-- [ RunTime:0.000832s ]
SQL: SHOW COLUMNS FROM `document` [ RunTime:0.0233s ]
SQL: SELECT * FROM `document` WHERE `id` = 9  [ RunTime:0.0003s ]
SQL: UPDATE `document` SET `view`='2' WHERE `id` = 9 [ RunTime:0.0002s ]
INFO: [ app_end ] --START--
INFO: Run Behavior\ShowPageTraceBehavior [ RunTime:0.000806s ]
INFO: [ app_end ] --END-- [ RunTime:0.000850s ]

[ 2017-07-08T23:20:08+08:00 ] 127.0.0.1 /Shop/index/p/2
INFO: [ app_begin ] --START--
INFO: Run Behavior\ReadHtmlCacheBehavior [ RunTime:0.000740s ]
INFO: [ app_begin ] --END-- [ RunTime:0.001163s ]
SQL: SHOW COLUMNS FROM `document` [ RunTime:0.0238s ]
SQL: SELECT a.*,b.path FROM document  as  a INNER JOIN Picture as b  on b.id = a.cover_id  WHERE a.category_id = 40 AND a.status = 1  [ RunTime:0.0004s ]

[ 2017-07-08T23:20:10+08:00 ] 127.0.0.1 /Shop/index/p/3
INFO: [ app_begin ] --START--
INFO: Run Behavior\ReadHtmlCacheBehavior [ RunTime:0.000923s ]
INFO: [ app_begin ] --END-- [ RunTime:0.001335s ]
SQL: SHOW COLUMNS FROM `document` [ RunTime:0.0224s ]
SQL: SELECT a.*,b.path FROM document  as  a INNER JOIN Picture as b  on b.id = a.cover_id  WHERE a.category_id = 40 AND a.status = 1  [ RunTime:0.0005s ]

[ 2017-07-08T23:20:12+08:00 ] 127.0.0.1 /Shop/view/id/11
INFO: [ app_begin ] --START--
INFO: Run Behavior\ReadHtmlCacheBehavior [ RunTime:0.001232s ]
INFO: [ app_begin ] --END-- [ RunTime:0.001836s ]
SQL: SHOW COLUMNS FROM `document` [ RunTime:0.0297s ]
SQL: SELECT * FROM `document` WHERE `id` = 11  [ RunTime:0.0006s ]
SQL: UPDATE `document` SET `view`='1' WHERE `id` = 11 [ RunTime:0.0007s ]
INFO: [ app_end ] --START--
INFO: Run Behavior\ShowPageTraceBehavior [ RunTime:0.001328s ]
INFO: [ app_end ] --END-- [ RunTime:0.001385s ]

[ 2017-07-08T23:20:16+08:00 ] 127.0.0.1 /Shop/index/p/2
INFO: [ app_begin ] --START--
INFO: Run Behavior\ReadHtmlCacheBehavior [ RunTime:0.000698s ]
INFO: [ app_begin ] --END-- [ RunTime:0.001229s ]
SQL: SHOW COLUMNS FROM `document` [ RunTime:0.0319s ]
SQL: SELECT a.*,b.path FROM document  as  a INNER JOIN Picture as b  on b.id = a.cover_id  WHERE a.category_id = 40 AND a.status = 1  [ RunTime:0.0006s ]

[ 2017-07-08T23:26:18+08:00 ] 127.0.0.1 /Activity/index.html
ERR: 无法加载控制器:Activity

[ 2017-07-08T23:27:00+08:00 ] 127.0.0.1 /Activity/index.html
ERR: 模板不存在:./Application/Wechat/View/default/Activity/index.html

[ 2017-07-08T23:27:03+08:00 ] 127.0.0.1 /Activity/index.html
ERR: 模板不存在:./Application/Wechat/View/default/Activity/index.html

[ 2017-07-08T23:27:31+08:00 ] 127.0.0.1 /Shop/index/p/2
INFO: [ app_begin ] --START--
INFO: Run Behavior\ReadHtmlCacheBehavior [ RunTime:0.000713s ]
INFO: [ app_begin ] --END-- [ RunTime:0.001240s ]
SQL: SHOW COLUMNS FROM `document` [ RunTime:0.0230s ]
SQL: SELECT a.*,b.path FROM document  as  a INNER JOIN Picture as b  on b.id = a.cover_id  WHERE a.category_id = 40 AND a.status = 1  [ RunTime:0.0005s ]

[ 2017-07-08T23:27:36+08:00 ] 127.0.0.1 /Shop/index/p/2
INFO: [ app_begin ] --START--
INFO: Run Behavior\ReadHtmlCacheBehavior [ RunTime:0.000434s ]
INFO: [ app_begin ] --END-- [ RunTime:0.000761s ]
SQL: SHOW COLUMNS FROM `document` [ RunTime:0.0249s ]
SQL: SELECT a.*,b.path FROM document  as  a INNER JOIN Picture as b  on b.id = a.cover_id  WHERE a.category_id = 40 AND a.status = 1  [ RunTime:0.0004s ]

[ 2017-07-08T23:27:38+08:00 ] 127.0.0.1 /Shop/view/id/11
INFO: [ app_begin ] --START--
INFO: Run Behavior\ReadHtmlCacheBehavior [ RunTime:0.000745s ]
INFO: [ app_begin ] --END-- [ RunTime:0.001335s ]
SQL: SHOW COLUMNS FROM `document` [ RunTime:0.0254s ]
SQL: SELECT * FROM `document` WHERE `id` = 11  [ RunTime:0.0004s ]
SQL: UPDATE `document` SET `view`='2' WHERE `id` = 11 [ RunTime:0.0003s ]
INFO: [ app_end ] --START--
INFO: Run Behavior\ShowPageTraceBehavior [ RunTime:0.001086s ]
INFO: [ app_end ] --END-- [ RunTime:0.001159s ]

[ 2017-07-08T23:27:44+08:00 ] 127.0.0.1 /Shop/view/id/12
INFO: [ app_begin ] --START--
INFO: Run Behavior\ReadHtmlCacheBehavior [ RunTime:0.000849s ]
INFO: [ app_begin ] --END-- [ RunTime:0.001213s ]
SQL: SHOW COLUMNS FROM `document` [ RunTime:0.0267s ]
SQL: SELECT * FROM `document` WHERE `id` = 12  [ RunTime:0.0005s ]
SQL: UPDATE `document` SET `view`='1' WHERE `id` = 12 [ RunTime:0.0005s ]
INFO: [ app_end ] --START--
INFO: Run Behavior\ShowPageTraceBehavior [ RunTime:0.002085s ]
INFO: [ app_end ] --END-- [ RunTime:0.002164s ]

[ 2017-07-08T23:27:47+08:00 ] 127.0.0.1 /Shop/view/id/13
INFO: [ app_begin ] --START--
INFO: Run Behavior\ReadHtmlCacheBehavior [ RunTime:0.000959s ]
INFO: [ app_begin ] --END-- [ RunTime:0.001531s ]
SQL: SHOW COLUMNS FROM `document` [ RunTime:0.0266s ]
SQL: SELECT * FROM `document` WHERE `id` = 13  [ RunTime:0.0004s ]
SQL: UPDATE `document` SET `view`='1' WHERE `id` = 13 [ RunTime:0.0003s ]
INFO: [ app_end ] --START--
INFO: Run Behavior\ShowPageTraceBehavior [ RunTime:0.000975s ]
INFO: [ app_end ] --END-- [ RunTime:0.001027s ]

[ 2017-07-08T23:27:53+08:00 ] 127.0.0.1 /Shop/index/p/2
INFO: [ app_begin ] --START--
INFO: Run Behavior\ReadHtmlCacheBehavior [ RunTime:0.000798s ]
INFO: [ app_begin ] --END-- [ RunTime:0.001123s ]
SQL: SHOW COLUMNS FROM `document` [ RunTime:0.0234s ]
SQL: SELECT a.*,b.path FROM document  as  a INNER JOIN Picture as b  on b.id = a.cover_id  WHERE a.category_id = 40 AND a.status = 1  [ RunTime:0.0004s ]

[ 2017-07-08T23:27:54+08:00 ] 127.0.0.1 /Shop/view/id/11
INFO: [ app_begin ] --START--
INFO: Run Behavior\ReadHtmlCacheBehavior [ RunTime:0.000834s ]
INFO: [ app_begin ] --END-- [ RunTime:0.001196s ]
SQL: SHOW COLUMNS FROM `document` [ RunTime:0.0292s ]
SQL: SELECT * FROM `document` WHERE `id` = 11  [ RunTime:0.0004s ]
SQL: UPDATE `document` SET `view`='3' WHERE `id` = 11 [ RunTime:0.0003s ]
INFO: [ app_end ] --START--
INFO: Run Behavior\ShowPageTraceBehavior [ RunTime:0.001114s ]
INFO: [ app_end ] --END-- [ RunTime:0.001172s ]

[ 2017-07-08T23:27:58+08:00 ] 127.0.0.1 /Shop/view/id/12
INFO: [ app_begin ] --START--
INFO: Run Behavior\ReadHtmlCacheBehavior [ RunTime:0.000485s ]
INFO: [ app_begin ] --END-- [ RunTime:0.000841s ]
SQL: SHOW COLUMNS FROM `document` [ RunTime:0.0180s ]
SQL: SELECT * FROM `document` WHERE `id` = 12  [ RunTime:0.0003s ]
SQL: UPDATE `document` SET `view`='2' WHERE `id` = 12 [ RunTime:0.0002s ]
INFO: [ app_end ] --START--
INFO: Run Behavior\ShowPageTraceBehavior [ RunTime:0.000814s ]
INFO: [ app_end ] --END-- [ RunTime:0.000858s ]

